{"/Users/airborneshellback/vibecode-projects/clarus-app/lib/ai-response-parser.ts": {"path":"/Users/airborneshellback/vibecode-projects/clarus-app/lib/ai-response-parser.ts","statementMap":{"0":{"start":{"line":38,"column":21},"end":{"line":38,"column":null}},"1":{"start":{"line":39,"column":2},"end":{"line":39,"column":null}},"2":{"start":{"line":50,"column":19},"end":{"line":50,"column":null}},"3":{"start":{"line":51,"column":19},"end":{"line":51,"column":null}},"4":{"start":{"line":58,"column":2},"end":{"line":58,"column":null}},"5":{"start":{"line":58,"column":42},"end":{"line":58,"column":null}},"6":{"start":{"line":60,"column":2},"end":{"line":68,"column":null}},"7":{"start":{"line":61,"column":4},"end":{"line":61,"column":null}},"8":{"start":{"line":62,"column":4},"end":{"line":62,"column":null}},"9":{"start":{"line":63,"column":4},"end":{"line":63,"column":null}},"10":{"start":{"line":65,"column":4},"end":{"line":65,"column":null}},"11":{"start":{"line":66,"column":4},"end":{"line":66,"column":null}},"12":{"start":{"line":67,"column":4},"end":{"line":67,"column":null}},"13":{"start":{"line":70,"column":14},"end":{"line":70,"column":null}},"14":{"start":{"line":71,"column":17},"end":{"line":71,"column":null}},"15":{"start":{"line":72,"column":19},"end":{"line":72,"column":null}},"16":{"start":{"line":74,"column":2},"end":{"line":100,"column":null}},"17":{"start":{"line":74,"column":15},"end":{"line":74,"column":25}},"18":{"start":{"line":75,"column":15},"end":{"line":75,"column":null}},"19":{"start":{"line":77,"column":4},"end":{"line":80,"column":null}},"20":{"start":{"line":78,"column":6},"end":{"line":78,"column":null}},"21":{"start":{"line":79,"column":6},"end":{"line":79,"column":null}},"22":{"start":{"line":82,"column":4},"end":{"line":85,"column":null}},"23":{"start":{"line":83,"column":6},"end":{"line":83,"column":null}},"24":{"start":{"line":84,"column":6},"end":{"line":84,"column":null}},"25":{"start":{"line":87,"column":4},"end":{"line":90,"column":null}},"26":{"start":{"line":88,"column":6},"end":{"line":88,"column":null}},"27":{"start":{"line":89,"column":6},"end":{"line":89,"column":null}},"28":{"start":{"line":92,"column":4},"end":{"line":92,"column":null}},"29":{"start":{"line":92,"column":18},"end":{"line":92,"column":null}},"30":{"start":{"line":94,"column":4},"end":{"line":95,"column":null}},"31":{"start":{"line":94,"column":25},"end":{"line":94,"column":null}},"32":{"start":{"line":94,"column":25},"end":{"line":95,"column":null}},"33":{"start":{"line":95,"column":31},"end":{"line":95,"column":null}},"34":{"start":{"line":97,"column":4},"end":{"line":99,"column":null}},"35":{"start":{"line":98,"column":6},"end":{"line":98,"column":null}},"36":{"start":{"line":104,"column":2},"end":{"line":104,"column":null}},"37":{"start":{"line":113,"column":17},"end":{"line":113,"column":null}},"38":{"start":{"line":116,"column":2},"end":{"line":116,"column":null}},"39":{"start":{"line":119,"column":19},"end":{"line":119,"column":null}},"40":{"start":{"line":120,"column":16},"end":{"line":120,"column":null}},"41":{"start":{"line":121,"column":2},"end":{"line":131,"column":null}},"42":{"start":{"line":122,"column":4},"end":{"line":125,"column":null}},"43":{"start":{"line":123,"column":6},"end":{"line":123,"column":null}},"44":{"start":{"line":124,"column":6},"end":{"line":124,"column":null}},"45":{"start":{"line":126,"column":4},"end":{"line":129,"column":null}},"46":{"start":{"line":127,"column":6},"end":{"line":127,"column":null}},"47":{"start":{"line":128,"column":6},"end":{"line":128,"column":null}},"48":{"start":{"line":130,"column":4},"end":{"line":130,"column":null}},"49":{"start":{"line":130,"column":20},"end":{"line":130,"column":null}},"50":{"start":{"line":132,"column":2},"end":{"line":134,"column":null}},"51":{"start":{"line":133,"column":4},"end":{"line":133,"column":null}},"52":{"start":{"line":137,"column":15},"end":{"line":137,"column":null}},"53":{"start":{"line":138,"column":17},"end":{"line":138,"column":null}},"54":{"start":{"line":139,"column":14},"end":{"line":139,"column":null}},"55":{"start":{"line":140,"column":12},"end":{"line":140,"column":null}},"56":{"start":{"line":142,"column":2},"end":{"line":160,"column":null}},"57":{"start":{"line":143,"column":4},"end":{"line":146,"column":null}},"58":{"start":{"line":144,"column":6},"end":{"line":144,"column":null}},"59":{"start":{"line":145,"column":6},"end":{"line":145,"column":null}},"60":{"start":{"line":147,"column":4},"end":{"line":150,"column":null}},"61":{"start":{"line":148,"column":6},"end":{"line":148,"column":null}},"62":{"start":{"line":149,"column":6},"end":{"line":149,"column":null}},"63":{"start":{"line":151,"column":4},"end":{"line":154,"column":null}},"64":{"start":{"line":152,"column":6},"end":{"line":152,"column":null}},"65":{"start":{"line":153,"column":6},"end":{"line":153,"column":null}},"66":{"start":{"line":155,"column":4},"end":{"line":155,"column":null}},"67":{"start":{"line":155,"column":15},"end":{"line":155,"column":null}},"68":{"start":{"line":156,"column":4},"end":{"line":159,"column":null}},"69":{"start":{"line":156,"column":20},"end":{"line":156,"column":null}},"70":{"start":{"line":156,"column":20},"end":{"line":159,"column":null}},"71":{"start":{"line":157,"column":25},"end":{"line":157,"column":null}},"72":{"start":{"line":157,"column":25},"end":{"line":159,"column":null}},"73":{"start":{"line":158,"column":25},"end":{"line":158,"column":null}},"74":{"start":{"line":158,"column":25},"end":{"line":159,"column":null}},"75":{"start":{"line":159,"column":25},"end":{"line":159,"column":null}},"76":{"start":{"line":163,"column":2},"end":{"line":163,"column":null}},"77":{"start":{"line":163,"column":15},"end":{"line":163,"column":18}},"78":{"start":{"line":163,"column":37},"end":{"line":163,"column":null}},"79":{"start":{"line":164,"column":2},"end":{"line":164,"column":null}},"80":{"start":{"line":164,"column":15},"end":{"line":164,"column":18}},"81":{"start":{"line":164,"column":35},"end":{"line":164,"column":null}},"82":{"start":{"line":166,"column":2},"end":{"line":166,"column":null}},"83":{"start":{"line":186,"column":2},"end":{"line":188,"column":null}},"84":{"start":{"line":187,"column":4},"end":{"line":187,"column":null}},"85":{"start":{"line":190,"column":18},"end":{"line":190,"column":null}},"86":{"start":{"line":193,"column":2},"end":{"line":198,"column":null}},"87":{"start":{"line":194,"column":17},"end":{"line":194,"column":null}},"88":{"start":{"line":195,"column":4},"end":{"line":195,"column":null}},"89":{"start":{"line":201,"column":23},"end":{"line":201,"column":null}},"90":{"start":{"line":202,"column":2},"end":{"line":210,"column":null}},"91":{"start":{"line":203,"column":4},"end":{"line":209,"column":null}},"92":{"start":{"line":204,"column":19},"end":{"line":204,"column":null}},"93":{"start":{"line":205,"column":6},"end":{"line":205,"column":null}},"94":{"start":{"line":206,"column":6},"end":{"line":206,"column":null}},"95":{"start":{"line":213,"column":24},"end":{"line":213,"column":null}},"96":{"start":{"line":214,"column":2},"end":{"line":230,"column":null}},"97":{"start":{"line":215,"column":4},"end":{"line":229,"column":null}},"98":{"start":{"line":216,"column":19},"end":{"line":216,"column":null}},"99":{"start":{"line":217,"column":6},"end":{"line":217,"column":null}},"100":{"start":{"line":218,"column":6},"end":{"line":218,"column":null}},"101":{"start":{"line":221,"column":6},"end":{"line":228,"column":null}},"102":{"start":{"line":222,"column":25},"end":{"line":222,"column":null}},"103":{"start":{"line":223,"column":21},"end":{"line":223,"column":null}},"104":{"start":{"line":224,"column":8},"end":{"line":224,"column":null}},"105":{"start":{"line":225,"column":8},"end":{"line":225,"column":null}},"106":{"start":{"line":232,"column":2},"end":{"line":236,"column":null}},"107":{"start":{"line":249,"column":17},"end":{"line":249,"column":null}},"108":{"start":{"line":250,"column":2},"end":{"line":250,"column":null}},"109":{"start":{"line":250,"column":22},"end":{"line":250,"column":null}},"110":{"start":{"line":251,"column":17},"end":{"line":251,"column":null}},"111":{"start":{"line":252,"column":2},"end":{"line":252,"column":null}}},"fnMap":{"0":{"name":"stripMarkdownFences","decl":{"start":{"line":36,"column":9},"end":{"line":36,"column":29}},"loc":{"start":{"line":36,"column":57},"end":{"line":40,"column":null}},"line":36},"1":{"name":"extractJsonSubstring","decl":{"start":{"line":49,"column":9},"end":{"line":49,"column":30}},"loc":{"start":{"line":49,"column":58},"end":{"line":105,"column":null}},"line":49},"2":{"name":"repairTruncatedJson","decl":{"start":{"line":112,"column":9},"end":{"line":112,"column":29}},"loc":{"start":{"line":112,"column":50},"end":{"line":167,"column":null}},"line":112},"3":{"name":"parseAiResponse","decl":{"start":{"line":185,"column":16},"end":{"line":185,"column":35}},"loc":{"start":{"line":185,"column":64},"end":{"line":237,"column":null}},"line":185},"4":{"name":"parseAiResponseOrThrow","decl":{"start":{"line":248,"column":16},"end":{"line":248,"column":42}},"loc":{"start":{"line":248,"column":76},"end":{"line":253,"column":null}},"line":248}},"branchMap":{"0":{"loc":{"start":{"line":39,"column":9},"end":{"line":39,"column":null}},"type":"binary-expr","locations":[{"start":{"line":39,"column":9},"end":{"line":39,"column":36}},{"start":{"line":39,"column":36},"end":{"line":39,"column":null}}],"line":39},"1":{"loc":{"start":{"line":58,"column":2},"end":{"line":58,"column":null}},"type":"if","locations":[{"start":{"line":58,"column":2},"end":{"line":58,"column":null}},{"start":{},"end":{}}],"line":58},"2":{"loc":{"start":{"line":58,"column":6},"end":{"line":58,"column":42}},"type":"binary-expr","locations":[{"start":{"line":58,"column":6},"end":{"line":58,"column":25}},{"start":{"line":58,"column":25},"end":{"line":58,"column":42}}],"line":58},"3":{"loc":{"start":{"line":60,"column":2},"end":{"line":68,"column":null}},"type":"if","locations":[{"start":{"line":60,"column":2},"end":{"line":68,"column":null}},{"start":{"line":64,"column":9},"end":{"line":68,"column":null}}],"line":60},"4":{"loc":{"start":{"line":60,"column":6},"end":{"line":60,"column":67}},"type":"binary-expr","locations":[{"start":{"line":60,"column":6},"end":{"line":60,"column":26}},{"start":{"line":60,"column":26},"end":{"line":60,"column":45}},{"start":{"line":60,"column":45},"end":{"line":60,"column":67}}],"line":60},"5":{"loc":{"start":{"line":77,"column":4},"end":{"line":80,"column":null}},"type":"if","locations":[{"start":{"line":77,"column":4},"end":{"line":80,"column":null}},{"start":{},"end":{}}],"line":77},"6":{"loc":{"start":{"line":82,"column":4},"end":{"line":85,"column":null}},"type":"if","locations":[{"start":{"line":82,"column":4},"end":{"line":85,"column":null}},{"start":{},"end":{}}],"line":82},"7":{"loc":{"start":{"line":87,"column":4},"end":{"line":90,"column":null}},"type":"if","locations":[{"start":{"line":87,"column":4},"end":{"line":90,"column":null}},{"start":{},"end":{}}],"line":87},"8":{"loc":{"start":{"line":92,"column":4},"end":{"line":92,"column":null}},"type":"if","locations":[{"start":{"line":92,"column":4},"end":{"line":92,"column":null}},{"start":{},"end":{}}],"line":92},"9":{"loc":{"start":{"line":94,"column":4},"end":{"line":95,"column":null}},"type":"if","locations":[{"start":{"line":94,"column":4},"end":{"line":95,"column":null}},{"start":{"line":94,"column":25},"end":{"line":95,"column":null}}],"line":94},"10":{"loc":{"start":{"line":94,"column":25},"end":{"line":95,"column":null}},"type":"if","locations":[{"start":{"line":94,"column":25},"end":{"line":95,"column":null}},{"start":{},"end":{}}],"line":94},"11":{"loc":{"start":{"line":97,"column":4},"end":{"line":99,"column":null}},"type":"if","locations":[{"start":{"line":97,"column":4},"end":{"line":99,"column":null}},{"start":{},"end":{}}],"line":97},"12":{"loc":{"start":{"line":122,"column":4},"end":{"line":125,"column":null}},"type":"if","locations":[{"start":{"line":122,"column":4},"end":{"line":125,"column":null}},{"start":{},"end":{}}],"line":122},"13":{"loc":{"start":{"line":126,"column":4},"end":{"line":129,"column":null}},"type":"if","locations":[{"start":{"line":126,"column":4},"end":{"line":129,"column":null}},{"start":{},"end":{}}],"line":126},"14":{"loc":{"start":{"line":130,"column":4},"end":{"line":130,"column":null}},"type":"if","locations":[{"start":{"line":130,"column":4},"end":{"line":130,"column":null}},{"start":{},"end":{}}],"line":130},"15":{"loc":{"start":{"line":132,"column":2},"end":{"line":134,"column":null}},"type":"if","locations":[{"start":{"line":132,"column":2},"end":{"line":134,"column":null}},{"start":{},"end":{}}],"line":132},"16":{"loc":{"start":{"line":143,"column":4},"end":{"line":146,"column":null}},"type":"if","locations":[{"start":{"line":143,"column":4},"end":{"line":146,"column":null}},{"start":{},"end":{}}],"line":143},"17":{"loc":{"start":{"line":147,"column":4},"end":{"line":150,"column":null}},"type":"if","locations":[{"start":{"line":147,"column":4},"end":{"line":150,"column":null}},{"start":{},"end":{}}],"line":147},"18":{"loc":{"start":{"line":151,"column":4},"end":{"line":154,"column":null}},"type":"if","locations":[{"start":{"line":151,"column":4},"end":{"line":154,"column":null}},{"start":{},"end":{}}],"line":151},"19":{"loc":{"start":{"line":155,"column":4},"end":{"line":155,"column":null}},"type":"if","locations":[{"start":{"line":155,"column":4},"end":{"line":155,"column":null}},{"start":{},"end":{}}],"line":155},"20":{"loc":{"start":{"line":156,"column":4},"end":{"line":159,"column":null}},"type":"if","locations":[{"start":{"line":156,"column":4},"end":{"line":159,"column":null}},{"start":{"line":156,"column":20},"end":{"line":159,"column":null}}],"line":156},"21":{"loc":{"start":{"line":156,"column":20},"end":{"line":159,"column":null}},"type":"if","locations":[{"start":{"line":156,"column":20},"end":{"line":159,"column":null}},{"start":{"line":157,"column":25},"end":{"line":159,"column":null}}],"line":156},"22":{"loc":{"start":{"line":157,"column":25},"end":{"line":159,"column":null}},"type":"if","locations":[{"start":{"line":157,"column":25},"end":{"line":159,"column":null}},{"start":{"line":158,"column":25},"end":{"line":159,"column":null}}],"line":157},"23":{"loc":{"start":{"line":158,"column":25},"end":{"line":159,"column":null}},"type":"if","locations":[{"start":{"line":158,"column":25},"end":{"line":159,"column":null}},{"start":{},"end":{}}],"line":158},"24":{"loc":{"start":{"line":186,"column":2},"end":{"line":188,"column":null}},"type":"if","locations":[{"start":{"line":186,"column":2},"end":{"line":188,"column":null}},{"start":{},"end":{}}],"line":186},"25":{"loc":{"start":{"line":186,"column":6},"end":{"line":186,"column":39}},"type":"binary-expr","locations":[{"start":{"line":186,"column":6},"end":{"line":186,"column":14}},{"start":{"line":186,"column":14},"end":{"line":186,"column":39}}],"line":186},"26":{"loc":{"start":{"line":187,"column":77},"end":{"line":187,"column":86}},"type":"binary-expr","locations":[{"start":{"line":187,"column":77},"end":{"line":187,"column":84}},{"start":{"line":187,"column":84},"end":{"line":187,"column":86}}],"line":187},"27":{"loc":{"start":{"line":202,"column":2},"end":{"line":210,"column":null}},"type":"if","locations":[{"start":{"line":202,"column":2},"end":{"line":210,"column":null}},{"start":{},"end":{}}],"line":202},"28":{"loc":{"start":{"line":214,"column":2},"end":{"line":230,"column":null}},"type":"if","locations":[{"start":{"line":214,"column":2},"end":{"line":230,"column":null}},{"start":{},"end":{}}],"line":214},"29":{"loc":{"start":{"line":235,"column":9},"end":{"line":235,"column":null}},"type":"cond-expr","locations":[{"start":{"line":235,"column":32},"end":{"line":235,"column":68}},{"start":{"line":235,"column":68},"end":{"line":235,"column":null}}],"line":235},"30":{"loc":{"start":{"line":250,"column":2},"end":{"line":250,"column":null}},"type":"if","locations":[{"start":{"line":250,"column":2},"end":{"line":250,"column":null}},{"start":{},"end":{}}],"line":250},"31":{"loc":{"start":{"line":251,"column":17},"end":{"line":251,"column":null}},"type":"cond-expr","locations":[{"start":{"line":251,"column":27},"end":{"line":251,"column":45}},{"start":{"line":251,"column":45},"end":{"line":251,"column":null}}],"line":251}},"s":{"0":15,"1":15,"2":12,"3":12,"4":12,"5":5,"6":7,"7":5,"8":5,"9":5,"10":2,"11":2,"12":2,"13":7,"14":7,"15":7,"16":7,"17":7,"18":184,"19":184,"20":0,"21":0,"22":184,"23":0,"24":0,"25":184,"26":37,"27":37,"28":147,"29":92,"30":55,"31":8,"32":47,"33":4,"34":55,"35":3,"36":4,"37":4,"38":4,"39":4,"40":4,"41":4,"42":110,"43":0,"44":0,"45":110,"46":0,"47":0,"48":110,"49":27,"50":4,"51":1,"52":4,"53":4,"54":4,"55":4,"56":4,"57":111,"58":0,"59":0,"60":111,"61":0,"62":0,"63":111,"64":28,"65":28,"66":83,"67":51,"68":32,"69":4,"70":28,"71":1,"72":27,"73":1,"74":26,"75":0,"76":4,"77":4,"78":1,"79":4,"80":4,"81":3,"82":4,"83":22,"84":2,"85":20,"86":20,"87":20,"88":20,"89":15,"90":15,"91":3,"92":3,"93":3,"94":3,"95":12,"96":12,"97":7,"98":7,"99":7,"100":7,"101":4,"102":4,"103":4,"104":4,"105":4,"106":5,"107":4,"108":4,"109":1,"110":3,"111":4},"f":{"0":15,"1":12,"2":4,"3":22,"4":4},"b":{"0":[15,12],"1":[5,7],"2":[12,7],"3":[5,2],"4":[7,2,0],"5":[0,184],"6":[0,184],"7":[37,147],"8":[92,55],"9":[8,47],"10":[4,43],"11":[3,52],"12":[0,110],"13":[0,110],"14":[27,83],"15":[1,3],"16":[0,111],"17":[0,111],"18":[28,83],"19":[51,32],"20":[4,28],"21":[1,27],"22":[1,26],"23":[0,26],"24":[2,20],"25":[22,20],"26":[2,1],"27":[3,12],"28":[7,5],"29":[1,4],"30":[1,3],"31":[1,2]},"meta":{"lastBranch":32,"lastFunction":5,"lastStatement":112,"seen":{"f:36:9:36:29":0,"s:38:21:38:Infinity":0,"s:39:2:39:Infinity":1,"b:39:9:39:36:39:36:39:Infinity":0,"f:49:9:49:30":1,"s:50:19:50:Infinity":2,"s:51:19:51:Infinity":3,"b:58:2:58:Infinity:undefined:undefined:undefined:undefined":1,"s:58:2:58:Infinity":4,"b:58:6:58:25:58:25:58:42":2,"s:58:42:58:Infinity":5,"b:60:2:68:Infinity:64:9:68:Infinity":3,"s:60:2:68:Infinity":6,"b:60:6:60:26:60:26:60:45:60:45:60:67":4,"s:61:4:61:Infinity":7,"s:62:4:62:Infinity":8,"s:63:4:63:Infinity":9,"s:65:4:65:Infinity":10,"s:66:4:66:Infinity":11,"s:67:4:67:Infinity":12,"s:70:14:70:Infinity":13,"s:71:17:71:Infinity":14,"s:72:19:72:Infinity":15,"s:74:2:100:Infinity":16,"s:74:15:74:25":17,"s:75:15:75:Infinity":18,"b:77:4:80:Infinity:undefined:undefined:undefined:undefined":5,"s:77:4:80:Infinity":19,"s:78:6:78:Infinity":20,"s:79:6:79:Infinity":21,"b:82:4:85:Infinity:undefined:undefined:undefined:undefined":6,"s:82:4:85:Infinity":22,"s:83:6:83:Infinity":23,"s:84:6:84:Infinity":24,"b:87:4:90:Infinity:undefined:undefined:undefined:undefined":7,"s:87:4:90:Infinity":25,"s:88:6:88:Infinity":26,"s:89:6:89:Infinity":27,"b:92:4:92:Infinity:undefined:undefined:undefined:undefined":8,"s:92:4:92:Infinity":28,"s:92:18:92:Infinity":29,"b:94:4:95:Infinity:94:25:95:Infinity":9,"s:94:4:95:Infinity":30,"s:94:25:94:Infinity":31,"b:94:25:95:Infinity:undefined:undefined:undefined:undefined":10,"s:94:25:95:Infinity":32,"s:95:31:95:Infinity":33,"b:97:4:99:Infinity:undefined:undefined:undefined:undefined":11,"s:97:4:99:Infinity":34,"s:98:6:98:Infinity":35,"s:104:2:104:Infinity":36,"f:112:9:112:29":2,"s:113:17:113:Infinity":37,"s:116:2:116:Infinity":38,"s:119:19:119:Infinity":39,"s:120:16:120:Infinity":40,"s:121:2:131:Infinity":41,"b:122:4:125:Infinity:undefined:undefined:undefined:undefined":12,"s:122:4:125:Infinity":42,"s:123:6:123:Infinity":43,"s:124:6:124:Infinity":44,"b:126:4:129:Infinity:undefined:undefined:undefined:undefined":13,"s:126:4:129:Infinity":45,"s:127:6:127:Infinity":46,"s:128:6:128:Infinity":47,"b:130:4:130:Infinity:undefined:undefined:undefined:undefined":14,"s:130:4:130:Infinity":48,"s:130:20:130:Infinity":49,"b:132:2:134:Infinity:undefined:undefined:undefined:undefined":15,"s:132:2:134:Infinity":50,"s:133:4:133:Infinity":51,"s:137:15:137:Infinity":52,"s:138:17:138:Infinity":53,"s:139:14:139:Infinity":54,"s:140:12:140:Infinity":55,"s:142:2:160:Infinity":56,"b:143:4:146:Infinity:undefined:undefined:undefined:undefined":16,"s:143:4:146:Infinity":57,"s:144:6:144:Infinity":58,"s:145:6:145:Infinity":59,"b:147:4:150:Infinity:undefined:undefined:undefined:undefined":17,"s:147:4:150:Infinity":60,"s:148:6:148:Infinity":61,"s:149:6:149:Infinity":62,"b:151:4:154:Infinity:undefined:undefined:undefined:undefined":18,"s:151:4:154:Infinity":63,"s:152:6:152:Infinity":64,"s:153:6:153:Infinity":65,"b:155:4:155:Infinity:undefined:undefined:undefined:undefined":19,"s:155:4:155:Infinity":66,"s:155:15:155:Infinity":67,"b:156:4:159:Infinity:156:20:159:Infinity":20,"s:156:4:159:Infinity":68,"s:156:20:156:Infinity":69,"b:156:20:159:Infinity:157:25:159:Infinity":21,"s:156:20:159:Infinity":70,"s:157:25:157:Infinity":71,"b:157:25:159:Infinity:158:25:159:Infinity":22,"s:157:25:159:Infinity":72,"s:158:25:158:Infinity":73,"b:158:25:159:Infinity:undefined:undefined:undefined:undefined":23,"s:158:25:159:Infinity":74,"s:159:25:159:Infinity":75,"s:163:2:163:Infinity":76,"s:163:15:163:18":77,"s:163:37:163:Infinity":78,"s:164:2:164:Infinity":79,"s:164:15:164:18":80,"s:164:35:164:Infinity":81,"s:166:2:166:Infinity":82,"f:185:16:185:35":3,"b:186:2:188:Infinity:undefined:undefined:undefined:undefined":24,"s:186:2:188:Infinity":83,"b:186:6:186:14:186:14:186:39":25,"s:187:4:187:Infinity":84,"b:187:77:187:84:187:84:187:86":26,"s:190:18:190:Infinity":85,"s:193:2:198:Infinity":86,"s:194:17:194:Infinity":87,"s:195:4:195:Infinity":88,"s:201:23:201:Infinity":89,"b:202:2:210:Infinity:undefined:undefined:undefined:undefined":27,"s:202:2:210:Infinity":90,"s:203:4:209:Infinity":91,"s:204:19:204:Infinity":92,"s:205:6:205:Infinity":93,"s:206:6:206:Infinity":94,"s:213:24:213:Infinity":95,"b:214:2:230:Infinity:undefined:undefined:undefined:undefined":28,"s:214:2:230:Infinity":96,"s:215:4:229:Infinity":97,"s:216:19:216:Infinity":98,"s:217:6:217:Infinity":99,"s:218:6:218:Infinity":100,"s:221:6:228:Infinity":101,"s:222:25:222:Infinity":102,"s:223:21:223:Infinity":103,"s:224:8:224:Infinity":104,"s:225:8:225:Infinity":105,"s:232:2:236:Infinity":106,"b:235:32:235:68:235:68:235:Infinity":29,"f:248:16:248:42":4,"s:249:17:249:Infinity":107,"b:250:2:250:Infinity:undefined:undefined:undefined:undefined":30,"s:250:2:250:Infinity":108,"s:250:22:250:Infinity":109,"s:251:17:251:Infinity":110,"b:251:27:251:45:251:45:251:Infinity":31,"s:252:2:252:Infinity":111}}}
,"/Users/airborneshellback/vibecode-projects/clarus-app/lib/analysis-modes.ts": {"path":"/Users/airborneshellback/vibecode-projects/clarus-app/lib/analysis-modes.ts","statementMap":{"0":{"start":{"line":21,"column":42},"end":{"line":27,"column":null}},"1":{"start":{"line":31,"column":2},"end":{"line":31,"column":null}},"2":{"start":{"line":31,"column":32},"end":{"line":31,"column":43}}},"fnMap":{"0":{"name":"getModeOption","decl":{"start":{"line":30,"column":16},"end":{"line":30,"column":30}},"loc":{"start":{"line":30,"column":60},"end":{"line":32,"column":null}},"line":30},"1":{"name":"(anonymous_1)","decl":{"start":{"line":31,"column":27},"end":{"line":31,"column":32}},"loc":{"start":{"line":31,"column":32},"end":{"line":31,"column":43}},"line":31}},"branchMap":{"0":{"loc":{"start":{"line":31,"column":9},"end":{"line":31,"column":null}},"type":"binary-expr","locations":[{"start":{"line":31,"column":9},"end":{"line":31,"column":48}},{"start":{"line":31,"column":48},"end":{"line":31,"column":null}}],"line":31}},"s":{"0":0,"1":0,"2":0},"f":{"0":0,"1":0},"b":{"0":[0,0]},"meta":{"lastBranch":1,"lastFunction":2,"lastStatement":3,"seen":{"s:21:42:27:Infinity":0,"f:30:16:30:30":0,"s:31:2:31:Infinity":1,"b:31:9:31:48:31:48:31:Infinity":0,"f:31:27:31:32":1,"s:31:32:31:43":2}}}
,"/Users/airborneshellback/vibecode-projects/clarus-app/lib/api-usage.ts": {"path":"/Users/airborneshellback/vibecode-projects/clarus-app/lib/api-usage.ts","statementMap":{"0":{"start":{"line":19,"column":6},"end":{"line":27,"column":null}},"1":{"start":{"line":36,"column":27},"end":{"line":64,"column":null}},"2":{"start":{"line":113,"column":79},"end":{"line":113,"column":null}},"3":{"start":{"line":115,"column":2},"end":{"line":124,"column":null}},"4":{"start":{"line":116,"column":20},"end":{"line":118,"column":null}},"5":{"start":{"line":121,"column":23},"end":{"line":121,"column":null}},"6":{"start":{"line":122,"column":24},"end":{"line":122,"column":null}},"7":{"start":{"line":123,"column":4},"end":{"line":123,"column":null}},"8":{"start":{"line":126,"column":2},"end":{"line":128,"column":null}},"9":{"start":{"line":127,"column":4},"end":{"line":127,"column":null}},"10":{"start":{"line":130,"column":2},"end":{"line":132,"column":null}},"11":{"start":{"line":131,"column":4},"end":{"line":131,"column":null}},"12":{"start":{"line":134,"column":2},"end":{"line":136,"column":null}},"13":{"start":{"line":135,"column":4},"end":{"line":135,"column":null}},"14":{"start":{"line":138,"column":2},"end":{"line":141,"column":null}},"15":{"start":{"line":140,"column":4},"end":{"line":140,"column":null}},"16":{"start":{"line":143,"column":2},"end":{"line":143,"column":null}},"17":{"start":{"line":172,"column":2},"end":{"line":203,"column":null}},"18":{"start":{"line":173,"column":26},"end":{"line":179,"column":null}},"19":{"start":{"line":182,"column":21},"end":{"line":185,"column":null}},"20":{"start":{"line":187,"column":4},"end":{"line":199,"column":null}},"21":{"start":{"line":202,"column":4},"end":{"line":202,"column":null}},"22":{"start":{"line":228,"column":2},"end":{"line":244,"column":null}},"23":{"start":{"line":229,"column":4},"end":{"line":241,"column":null}},"24":{"start":{"line":243,"column":4},"end":{"line":243,"column":null}},"25":{"start":{"line":260,"column":16},"end":{"line":260,"column":null}},"26":{"start":{"line":261,"column":2},"end":{"line":263,"column":null}},"27":{"start":{"line":262,"column":19},"end":{"line":262,"column":null}}},"fnMap":{"0":{"name":"calculateCost","decl":{"start":{"line":106,"column":16},"end":{"line":106,"column":30}},"loc":{"start":{"line":112,"column":11},"end":{"line":144,"column":null}},"line":112},"1":{"name":"logApiUsage","decl":{"start":{"line":171,"column":22},"end":{"line":171,"column":34}},"loc":{"start":{"line":171,"column":76},"end":{"line":204,"column":null}},"line":171},"2":{"name":"logProcessingMetrics","decl":{"start":{"line":215,"column":22},"end":{"line":215,"column":43}},"loc":{"start":{"line":227,"column":18},"end":{"line":245,"column":null}},"line":227},"3":{"name":"createTimer","decl":{"start":{"line":259,"column":16},"end":{"line":259,"column":30}},"loc":{"start":{"line":259,"column":30},"end":{"line":264,"column":null}},"line":259},"4":{"name":"(anonymous_4)","decl":{"start":{"line":262,"column":13},"end":{"line":262,"column":19}},"loc":{"start":{"line":262,"column":19},"end":{"line":262,"column":null}},"line":262}},"branchMap":{"0":{"loc":{"start":{"line":113,"column":30},"end":{"line":113,"column":47}},"type":"default-arg","locations":[{"start":{"line":113,"column":44},"end":{"line":113,"column":47}}],"line":113},"1":{"loc":{"start":{"line":113,"column":47},"end":{"line":113,"column":65}},"type":"default-arg","locations":[{"start":{"line":113,"column":62},"end":{"line":113,"column":65}}],"line":113},"2":{"loc":{"start":{"line":115,"column":2},"end":{"line":124,"column":null}},"type":"if","locations":[{"start":{"line":115,"column":2},"end":{"line":124,"column":null}},{"start":{},"end":{}}],"line":115},"3":{"loc":{"start":{"line":116,"column":20},"end":{"line":118,"column":null}},"type":"cond-expr","locations":[{"start":{"line":117,"column":8},"end":{"line":117,"column":null}},{"start":{"line":118,"column":8},"end":{"line":118,"column":null}}],"line":116},"4":{"loc":{"start":{"line":116,"column":20},"end":{"line":116,"column":null}},"type":"binary-expr","locations":[{"start":{"line":116,"column":20},"end":{"line":116,"column":33}},{"start":{"line":116,"column":33},"end":{"line":116,"column":null}}],"line":116},"5":{"loc":{"start":{"line":126,"column":2},"end":{"line":128,"column":null}},"type":"if","locations":[{"start":{"line":126,"column":2},"end":{"line":128,"column":null}},{"start":{},"end":{}}],"line":126},"6":{"loc":{"start":{"line":127,"column":11},"end":{"line":127,"column":null}},"type":"binary-expr","locations":[{"start":{"line":127,"column":11},"end":{"line":127,"column":83}},{"start":{"line":127,"column":83},"end":{"line":127,"column":null}}],"line":127},"7":{"loc":{"start":{"line":130,"column":2},"end":{"line":132,"column":null}},"type":"if","locations":[{"start":{"line":130,"column":2},"end":{"line":132,"column":null}},{"start":{},"end":{}}],"line":130},"8":{"loc":{"start":{"line":134,"column":2},"end":{"line":136,"column":null}},"type":"if","locations":[{"start":{"line":134,"column":2},"end":{"line":136,"column":null}},{"start":{},"end":{}}],"line":134},"9":{"loc":{"start":{"line":138,"column":2},"end":{"line":141,"column":null}},"type":"if","locations":[{"start":{"line":138,"column":2},"end":{"line":141,"column":null}},{"start":{},"end":{}}],"line":138},"10":{"loc":{"start":{"line":140,"column":12},"end":{"line":140,"column":32}},"type":"binary-expr","locations":[{"start":{"line":140,"column":12},"end":{"line":140,"column":27}},{"start":{"line":140,"column":27},"end":{"line":140,"column":32}}],"line":140},"11":{"loc":{"start":{"line":184,"column":10},"end":{"line":184,"column":null}},"type":"binary-expr","locations":[{"start":{"line":184,"column":10},"end":{"line":184,"column":30}},{"start":{"line":184,"column":30},"end":{"line":184,"column":null}}],"line":184},"12":{"loc":{"start":{"line":188,"column":15},"end":{"line":188,"column":null}},"type":"binary-expr","locations":[{"start":{"line":188,"column":15},"end":{"line":188,"column":32}},{"start":{"line":188,"column":32},"end":{"line":188,"column":null}}],"line":188},"13":{"loc":{"start":{"line":189,"column":18},"end":{"line":189,"column":null}},"type":"binary-expr","locations":[{"start":{"line":189,"column":18},"end":{"line":189,"column":38}},{"start":{"line":189,"column":38},"end":{"line":189,"column":null}}],"line":189},"14":{"loc":{"start":{"line":192,"column":20},"end":{"line":192,"column":null}},"type":"binary-expr","locations":[{"start":{"line":192,"column":20},"end":{"line":192,"column":42}},{"start":{"line":192,"column":42},"end":{"line":192,"column":null}}],"line":192},"15":{"loc":{"start":{"line":193,"column":21},"end":{"line":193,"column":null}},"type":"binary-expr","locations":[{"start":{"line":193,"column":21},"end":{"line":193,"column":44}},{"start":{"line":193,"column":44},"end":{"line":193,"column":null}}],"line":193},"16":{"loc":{"start":{"line":197,"column":21},"end":{"line":197,"column":null}},"type":"binary-expr","locations":[{"start":{"line":197,"column":21},"end":{"line":197,"column":44}},{"start":{"line":197,"column":44},"end":{"line":197,"column":null}}],"line":197},"17":{"loc":{"start":{"line":230,"column":18},"end":{"line":230,"column":null}},"type":"binary-expr","locations":[{"start":{"line":230,"column":18},"end":{"line":230,"column":38}},{"start":{"line":230,"column":38},"end":{"line":230,"column":null}}],"line":230},"18":{"loc":{"start":{"line":231,"column":18},"end":{"line":231,"column":null}},"type":"binary-expr","locations":[{"start":{"line":231,"column":18},"end":{"line":231,"column":38}},{"start":{"line":231,"column":38},"end":{"line":231,"column":null}}],"line":231},"19":{"loc":{"start":{"line":232,"column":15},"end":{"line":232,"column":null}},"type":"binary-expr","locations":[{"start":{"line":232,"column":15},"end":{"line":232,"column":32}},{"start":{"line":232,"column":32},"end":{"line":232,"column":null}}],"line":232},"20":{"loc":{"start":{"line":234,"column":18},"end":{"line":234,"column":null}},"type":"binary-expr","locations":[{"start":{"line":234,"column":18},"end":{"line":234,"column":38}},{"start":{"line":234,"column":38},"end":{"line":234,"column":null}}],"line":234},"21":{"loc":{"start":{"line":235,"column":20},"end":{"line":235,"column":null}},"type":"binary-expr","locations":[{"start":{"line":235,"column":20},"end":{"line":235,"column":42}},{"start":{"line":235,"column":42},"end":{"line":235,"column":null}}],"line":235},"22":{"loc":{"start":{"line":236,"column":21},"end":{"line":236,"column":null}},"type":"binary-expr","locations":[{"start":{"line":236,"column":21},"end":{"line":236,"column":44}},{"start":{"line":236,"column":44},"end":{"line":236,"column":null}}],"line":236},"23":{"loc":{"start":{"line":238,"column":19},"end":{"line":238,"column":null}},"type":"binary-expr","locations":[{"start":{"line":238,"column":19},"end":{"line":238,"column":40}},{"start":{"line":238,"column":40},"end":{"line":238,"column":null}}],"line":238},"24":{"loc":{"start":{"line":240,"column":21},"end":{"line":240,"column":null}},"type":"binary-expr","locations":[{"start":{"line":240,"column":21},"end":{"line":240,"column":44}},{"start":{"line":240,"column":44},"end":{"line":240,"column":null}}],"line":240}},"s":{"0":0,"1":0,"2":0,"3":0,"4":0,"5":0,"6":0,"7":0,"8":0,"9":0,"10":0,"11":0,"12":0,"13":0,"14":0,"15":0,"16":0,"17":0,"18":0,"19":0,"20":0,"21":0,"22":0,"23":0,"24":0,"25":0,"26":0,"27":0},"f":{"0":0,"1":0,"2":0,"3":0,"4":0},"b":{"0":[0],"1":[0],"2":[0,0],"3":[0,0],"4":[0,0],"5":[0,0],"6":[0,0],"7":[0,0],"8":[0,0],"9":[0,0],"10":[0,0],"11":[0,0],"12":[0,0],"13":[0,0],"14":[0,0],"15":[0,0],"16":[0,0],"17":[0,0],"18":[0,0],"19":[0,0],"20":[0,0],"21":[0,0],"22":[0,0],"23":[0,0],"24":[0,0]},"meta":{"lastBranch":25,"lastFunction":5,"lastStatement":28,"seen":{"s:19:6:27:Infinity":0,"s:36:27:64:Infinity":1,"f:106:16:106:30":0,"s:113:79:113:Infinity":2,"b:113:44:113:47":0,"b:113:62:113:65":1,"b:115:2:124:Infinity:undefined:undefined:undefined:undefined":2,"s:115:2:124:Infinity":3,"s:116:20:118:Infinity":4,"b:117:8:117:Infinity:118:8:118:Infinity":3,"b:116:20:116:33:116:33:116:Infinity":4,"s:121:23:121:Infinity":5,"s:122:24:122:Infinity":6,"s:123:4:123:Infinity":7,"b:126:2:128:Infinity:undefined:undefined:undefined:undefined":5,"s:126:2:128:Infinity":8,"s:127:4:127:Infinity":9,"b:127:11:127:83:127:83:127:Infinity":6,"b:130:2:132:Infinity:undefined:undefined:undefined:undefined":7,"s:130:2:132:Infinity":10,"s:131:4:131:Infinity":11,"b:134:2:136:Infinity:undefined:undefined:undefined:undefined":8,"s:134:2:136:Infinity":12,"s:135:4:135:Infinity":13,"b:138:2:141:Infinity:undefined:undefined:undefined:undefined":9,"s:138:2:141:Infinity":14,"s:140:4:140:Infinity":15,"b:140:12:140:27:140:27:140:32":10,"s:143:2:143:Infinity":16,"f:171:22:171:34":1,"s:172:2:203:Infinity":17,"s:173:26:179:Infinity":18,"s:182:21:185:Infinity":19,"b:184:10:184:30:184:30:184:Infinity":11,"s:187:4:199:Infinity":20,"b:188:15:188:32:188:32:188:Infinity":12,"b:189:18:189:38:189:38:189:Infinity":13,"b:192:20:192:42:192:42:192:Infinity":14,"b:193:21:193:44:193:44:193:Infinity":15,"b:197:21:197:44:197:44:197:Infinity":16,"s:202:4:202:Infinity":21,"f:215:22:215:43":2,"s:228:2:244:Infinity":22,"s:229:4:241:Infinity":23,"b:230:18:230:38:230:38:230:Infinity":17,"b:231:18:231:38:231:38:231:Infinity":18,"b:232:15:232:32:232:32:232:Infinity":19,"b:234:18:234:38:234:38:234:Infinity":20,"b:235:20:235:42:235:42:235:Infinity":21,"b:236:21:236:44:236:44:236:Infinity":22,"b:238:19:238:40:238:40:238:Infinity":23,"b:240:21:240:44:240:44:240:Infinity":24,"s:243:4:243:Infinity":24,"f:259:16:259:30":3,"s:260:16:260:Infinity":25,"s:261:2:263:Infinity":26,"f:262:13:262:19":4,"s:262:19:262:Infinity":27}}}
,"/Users/airborneshellback/vibecode-projects/clarus-app/lib/assemblyai.ts": {"path":"/Users/airborneshellback/vibecode-projects/clarus-app/lib/assemblyai.ts","statementMap":{"0":{"start":{"line":17,"column":27},"end":{"line":17,"column":null}},"1":{"start":{"line":77,"column":19},"end":{"line":89,"column":null}},"2":{"start":{"line":91,"column":2},"end":{"line":96,"column":null}},"3":{"start":{"line":92,"column":22},"end":{"line":92,"column":null}},"4":{"start":{"line":93,"column":4},"end":{"line":95,"column":null}},"5":{"start":{"line":98,"column":15},"end":{"line":98,"column":null}},"6":{"start":{"line":99,"column":2},"end":{"line":99,"column":null}},"7":{"start":{"line":115,"column":21},"end":{"line":115,"column":null}},"8":{"start":{"line":116,"column":19},"end":{"line":116,"column":null}},"9":{"start":{"line":118,"column":16},"end":{"line":122,"column":null}},"10":{"start":{"line":119,"column":4},"end":{"line":119,"column":null}},"11":{"start":{"line":120,"column":22},"end":{"line":120,"column":null}},"12":{"start":{"line":121,"column":4},"end":{"line":121,"column":null}},"13":{"start":{"line":124,"column":2},"end":{"line":128,"column":null}},"14":{"start":{"line":133,"column":23},"end":{"line":133,"column":null}},"15":{"start":{"line":134,"column":16},"end":{"line":134,"column":null}},"16":{"start":{"line":135,"column":18},"end":{"line":135,"column":null}},"17":{"start":{"line":136,"column":18},"end":{"line":136,"column":null}},"18":{"start":{"line":138,"column":2},"end":{"line":140,"column":null}},"19":{"start":{"line":139,"column":4},"end":{"line":139,"column":null}},"20":{"start":{"line":141,"column":2},"end":{"line":141,"column":null}}},"fnMap":{"0":{"name":"submitPodcastTranscription","decl":{"start":{"line":72,"column":22},"end":{"line":72,"column":null}},"loc":{"start":{"line":76,"column":38},"end":{"line":100,"column":null}},"line":76},"1":{"name":"formatTranscript","decl":{"start":{"line":112,"column":16},"end":{"line":112,"column":null}},"loc":{"start":{"line":114,"column":23},"end":{"line":129,"column":null}},"line":114},"2":{"name":"(anonymous_2)","decl":{"start":{"line":118,"column":31},"end":{"line":118,"column":32}},"loc":{"start":{"line":118,"column":38},"end":{"line":122,"column":3}},"line":118},"3":{"name":"formatMs","decl":{"start":{"line":132,"column":9},"end":{"line":132,"column":18}},"loc":{"start":{"line":132,"column":38},"end":{"line":142,"column":null}},"line":132}},"branchMap":{"0":{"loc":{"start":{"line":91,"column":2},"end":{"line":96,"column":null}},"type":"if","locations":[{"start":{"line":91,"column":2},"end":{"line":96,"column":null}},{"start":{},"end":{}}],"line":91},"1":{"loc":{"start":{"line":115,"column":21},"end":{"line":115,"column":null}},"type":"binary-expr","locations":[{"start":{"line":115,"column":21},"end":{"line":115,"column":43}},{"start":{"line":115,"column":43},"end":{"line":115,"column":null}}],"line":115},"2":{"loc":{"start":{"line":126,"column":34},"end":{"line":126,"column":62}},"type":"binary-expr","locations":[{"start":{"line":126,"column":34},"end":{"line":126,"column":60}},{"start":{"line":126,"column":60},"end":{"line":126,"column":62}}],"line":126},"3":{"loc":{"start":{"line":138,"column":2},"end":{"line":140,"column":null}},"type":"if","locations":[{"start":{"line":138,"column":2},"end":{"line":140,"column":null}},{"start":{},"end":{}}],"line":138}},"s":{"0":0,"1":0,"2":0,"3":0,"4":0,"5":0,"6":0,"7":0,"8":0,"9":0,"10":0,"11":0,"12":0,"13":0,"14":0,"15":0,"16":0,"17":0,"18":0,"19":0,"20":0},"f":{"0":0,"1":0,"2":0,"3":0},"b":{"0":[0,0],"1":[0,0],"2":[0,0],"3":[0,0]},"meta":{"lastBranch":4,"lastFunction":4,"lastStatement":21,"seen":{"s:17:27:17:Infinity":0,"f:72:22:72:Infinity":0,"s:77:19:89:Infinity":1,"b:91:2:96:Infinity:undefined:undefined:undefined:undefined":0,"s:91:2:96:Infinity":2,"s:92:22:92:Infinity":3,"s:93:4:95:Infinity":4,"s:98:15:98:Infinity":5,"s:99:2:99:Infinity":6,"f:112:16:112:Infinity":1,"s:115:21:115:Infinity":7,"b:115:21:115:43:115:43:115:Infinity":1,"s:116:19:116:Infinity":8,"s:118:16:122:Infinity":9,"f:118:31:118:32":2,"s:119:4:119:Infinity":10,"s:120:22:120:Infinity":11,"s:121:4:121:Infinity":12,"s:124:2:128:Infinity":13,"b:126:34:126:60:126:60:126:62":2,"f:132:9:132:18":3,"s:133:23:133:Infinity":14,"s:134:16:134:Infinity":15,"s:135:18:135:Infinity":16,"s:136:18:136:Infinity":17,"b:138:2:140:Infinity:undefined:undefined:undefined:undefined":3,"s:138:2:140:Infinity":18,"s:139:4:139:Infinity":19,"s:141:2:141:Infinity":20}}}
,"/Users/airborneshellback/vibecode-projects/clarus-app/lib/auth.ts": {"path":"/Users/airborneshellback/vibecode-projects/clarus-app/lib/auth.ts","statementMap":{"0":{"start":{"line":24,"column":19},"end":{"line":24,"column":null}},"1":{"start":{"line":25,"column":29},"end":{"line":25,"column":null}},"2":{"start":{"line":64,"column":2},"end":{"line":114,"column":null}},"3":{"start":{"line":65,"column":24},"end":{"line":65,"column":null}},"4":{"start":{"line":66,"column":10},"end":{"line":88,"column":null}},"5":{"start":{"line":75,"column":12},"end":{"line":75,"column":null}},"6":{"start":{"line":78,"column":12},"end":{"line":84,"column":null}},"7":{"start":{"line":79,"column":14},"end":{"line":83,"column":null}},"8":{"start":{"line":80,"column":16},"end":{"line":80,"column":null}},"9":{"start":{"line":93,"column":8},"end":{"line":93,"column":null}},"10":{"start":{"line":95,"column":4},"end":{"line":103,"column":null}},"11":{"start":{"line":96,"column":6},"end":{"line":102,"column":null}},"12":{"start":{"line":105,"column":4},"end":{"line":105,"column":null}},"13":{"start":{"line":107,"column":4},"end":{"line":113,"column":null}},"14":{"start":{"line":135,"column":15},"end":{"line":135,"column":null}},"15":{"start":{"line":136,"column":2},"end":{"line":136,"column":null}},"16":{"start":{"line":136,"column":21},"end":{"line":136,"column":null}},"17":{"start":{"line":139,"column":17},"end":{"line":139,"column":null}},"18":{"start":{"line":140,"column":14},"end":{"line":140,"column":null}},"19":{"start":{"line":141,"column":2},"end":{"line":154,"column":null}},"20":{"start":{"line":143,"column":4},"end":{"line":143,"column":null}},"21":{"start":{"line":144,"column":4},"end":{"line":152,"column":null}},"22":{"start":{"line":145,"column":6},"end":{"line":151,"column":null}},"23":{"start":{"line":153,"column":4},"end":{"line":153,"column":null}},"24":{"start":{"line":157,"column":22},"end":{"line":157,"column":null}},"25":{"start":{"line":158,"column":29},"end":{"line":162,"column":null}},"26":{"start":{"line":164,"column":18},"end":{"line":164,"column":null}},"27":{"start":{"line":167,"column":2},"end":{"line":177,"column":null}},"28":{"start":{"line":168,"column":35},"end":{"line":168,"column":null}},"29":{"start":{"line":169,"column":23},"end":{"line":169,"column":null}},"30":{"start":{"line":170,"column":4},"end":{"line":175,"column":null}},"31":{"start":{"line":171,"column":6},"end":{"line":174,"column":null}},"32":{"start":{"line":172,"column":8},"end":{"line":172,"column":null}},"33":{"start":{"line":173,"column":8},"end":{"line":173,"column":null}},"34":{"start":{"line":176,"column":4},"end":{"line":176,"column":null}},"35":{"start":{"line":176,"column":19},"end":{"line":176,"column":null}},"36":{"start":{"line":180,"column":2},"end":{"line":180,"column":null}},"37":{"start":{"line":182,"column":2},"end":{"line":190,"column":null}},"38":{"start":{"line":183,"column":4},"end":{"line":189,"column":null}},"39":{"start":{"line":192,"column":2},"end":{"line":192,"column":null}},"40":{"start":{"line":224,"column":35},"end":{"line":228,"column":null}},"41":{"start":{"line":230,"column":2},"end":{"line":238,"column":null}},"42":{"start":{"line":231,"column":4},"end":{"line":237,"column":null}},"43":{"start":{"line":240,"column":2},"end":{"line":248,"column":null}},"44":{"start":{"line":241,"column":4},"end":{"line":247,"column":null}},"45":{"start":{"line":250,"column":2},"end":{"line":250,"column":null}},"46":{"start":{"line":263,"column":2},"end":{"line":271,"column":null}},"47":{"start":{"line":285,"column":17},"end":{"line":285,"column":null}},"48":{"start":{"line":286,"column":14},"end":{"line":286,"column":null}},"49":{"start":{"line":287,"column":2},"end":{"line":291,"column":null}},"50":{"start":{"line":289,"column":4},"end":{"line":289,"column":null}},"51":{"start":{"line":290,"column":4},"end":{"line":290,"column":null}},"52":{"start":{"line":293,"column":2},"end":{"line":293,"column":null}},"53":{"start":{"line":308,"column":26},"end":{"line":324,"column":null}},"54":{"start":{"line":310,"column":4},"end":{"line":310,"column":null}},"55":{"start":{"line":312,"column":4},"end":{"line":312,"column":null}},"56":{"start":{"line":314,"column":4},"end":{"line":314,"column":null}},"57":{"start":{"line":316,"column":4},"end":{"line":316,"column":null}},"58":{"start":{"line":318,"column":4},"end":{"line":321,"column":null}},"59":{"start":{"line":323,"column":4},"end":{"line":323,"column":null}}},"fnMap":{"0":{"name":"authenticateRequest","decl":{"start":{"line":63,"column":22},"end":{"line":63,"column":77}},"loc":{"start":{"line":63,"column":77},"end":{"line":115,"column":null}},"line":63},"1":{"name":"(anonymous_1)","decl":{"start":{"line":74,"column":10},"end":{"line":74,"column":19}},"loc":{"start":{"line":74,"column":19},"end":{"line":76,"column":null}},"line":74},"2":{"name":"(anonymous_2)","decl":{"start":{"line":77,"column":10},"end":{"line":77,"column":17}},"loc":{"start":{"line":77,"column":31},"end":{"line":85,"column":null}},"line":77},"3":{"name":"(anonymous_3)","decl":{"start":{"line":78,"column":33},"end":{"line":78,"column":34}},"loc":{"start":{"line":78,"column":63},"end":{"line":84,"column":13}},"line":78},"4":{"name":"authenticateAdmin","decl":{"start":{"line":134,"column":22},"end":{"line":134,"column":75}},"loc":{"start":{"line":134,"column":75},"end":{"line":193,"column":null}},"line":134},"5":{"name":"verifyContentOwnership","decl":{"start":{"line":219,"column":22},"end":{"line":219,"column":null}},"loc":{"start":{"line":223,"column":104},"end":{"line":251,"column":null}},"line":223},"6":{"name":"getAdminClient","decl":{"start":{"line":262,"column":16},"end":{"line":262,"column":59}},"loc":{"start":{"line":262,"column":59},"end":{"line":272,"column":null}},"line":262},"7":{"name":"isAdmin","decl":{"start":{"line":284,"column":16},"end":{"line":284,"column":24}},"loc":{"start":{"line":284,"column":49},"end":{"line":294,"column":null}},"line":284},"8":{"name":"(anonymous_8)","decl":{"start":{"line":309,"column":16},"end":{"line":309,"column":null}},"loc":{"start":{"line":310,"column":4},"end":{"line":310,"column":null}},"line":310},"9":{"name":"(anonymous_9)","decl":{"start":{"line":311,"column":13},"end":{"line":311,"column":null}},"loc":{"start":{"line":312,"column":4},"end":{"line":312,"column":null}},"line":312},"10":{"name":"(anonymous_10)","decl":{"start":{"line":313,"column":12},"end":{"line":313,"column":13}},"loc":{"start":{"line":314,"column":4},"end":{"line":314,"column":null}},"line":314},"11":{"name":"(anonymous_11)","decl":{"start":{"line":315,"column":14},"end":{"line":315,"column":15}},"loc":{"start":{"line":316,"column":4},"end":{"line":316,"column":null}},"line":316},"12":{"name":"(anonymous_12)","decl":{"start":{"line":317,"column":13},"end":{"line":317,"column":14}},"loc":{"start":{"line":318,"column":4},"end":{"line":321,"column":null}},"line":318},"13":{"name":"(anonymous_13)","decl":{"start":{"line":322,"column":15},"end":{"line":322,"column":null}},"loc":{"start":{"line":323,"column":4},"end":{"line":323,"column":null}},"line":323}},"branchMap":{"0":{"loc":{"start":{"line":95,"column":4},"end":{"line":103,"column":null}},"type":"if","locations":[{"start":{"line":95,"column":4},"end":{"line":103,"column":null}},{"start":{},"end":{}}],"line":95},"1":{"loc":{"start":{"line":95,"column":8},"end":{"line":95,"column":28}},"type":"binary-expr","locations":[{"start":{"line":95,"column":8},"end":{"line":95,"column":21}},{"start":{"line":95,"column":21},"end":{"line":95,"column":28}}],"line":95},"2":{"loc":{"start":{"line":136,"column":2},"end":{"line":136,"column":null}},"type":"if","locations":[{"start":{"line":136,"column":2},"end":{"line":136,"column":null}},{"start":{},"end":{}}],"line":136},"3":{"loc":{"start":{"line":141,"column":2},"end":{"line":154,"column":null}},"type":"if","locations":[{"start":{"line":141,"column":2},"end":{"line":154,"column":null}},{"start":{},"end":{}}],"line":141},"4":{"loc":{"start":{"line":141,"column":6},"end":{"line":141,"column":38}},"type":"binary-expr","locations":[{"start":{"line":141,"column":6},"end":{"line":141,"column":16}},{"start":{"line":141,"column":16},"end":{"line":141,"column":38}}],"line":141},"5":{"loc":{"start":{"line":144,"column":4},"end":{"line":152,"column":null}},"type":"if","locations":[{"start":{"line":144,"column":4},"end":{"line":152,"column":null}},{"start":{},"end":{}}],"line":144},"6":{"loc":{"start":{"line":167,"column":2},"end":{"line":177,"column":null}},"type":"if","locations":[{"start":{"line":167,"column":2},"end":{"line":177,"column":null}},{"start":{},"end":{}}],"line":167},"7":{"loc":{"start":{"line":171,"column":6},"end":{"line":174,"column":null}},"type":"if","locations":[{"start":{"line":171,"column":6},"end":{"line":174,"column":null}},{"start":{},"end":{}}],"line":171},"8":{"loc":{"start":{"line":176,"column":4},"end":{"line":176,"column":null}},"type":"if","locations":[{"start":{"line":176,"column":4},"end":{"line":176,"column":null}},{"start":{},"end":{}}],"line":176},"9":{"loc":{"start":{"line":182,"column":2},"end":{"line":190,"column":null}},"type":"if","locations":[{"start":{"line":182,"column":2},"end":{"line":190,"column":null}},{"start":{},"end":{}}],"line":182},"10":{"loc":{"start":{"line":230,"column":2},"end":{"line":238,"column":null}},"type":"if","locations":[{"start":{"line":230,"column":2},"end":{"line":238,"column":null}},{"start":{},"end":{}}],"line":230},"11":{"loc":{"start":{"line":230,"column":6},"end":{"line":230,"column":25}},"type":"binary-expr","locations":[{"start":{"line":230,"column":6},"end":{"line":230,"column":15}},{"start":{"line":230,"column":15},"end":{"line":230,"column":25}}],"line":230},"12":{"loc":{"start":{"line":240,"column":2},"end":{"line":248,"column":null}},"type":"if","locations":[{"start":{"line":240,"column":2},"end":{"line":248,"column":null}},{"start":{},"end":{}}],"line":240},"13":{"loc":{"start":{"line":264,"column":4},"end":{"line":264,"column":null}},"type":"binary-expr","locations":[{"start":{"line":264,"column":4},"end":{"line":264,"column":32}},{"start":{"line":264,"column":32},"end":{"line":264,"column":null}}],"line":264},"14":{"loc":{"start":{"line":287,"column":2},"end":{"line":291,"column":null}},"type":"if","locations":[{"start":{"line":287,"column":2},"end":{"line":291,"column":null}},{"start":{},"end":{}}],"line":287},"15":{"loc":{"start":{"line":287,"column":6},"end":{"line":287,"column":38}},"type":"binary-expr","locations":[{"start":{"line":287,"column":6},"end":{"line":287,"column":16}},{"start":{"line":287,"column":16},"end":{"line":287,"column":38}}],"line":287},"16":{"loc":{"start":{"line":313,"column":13},"end":{"line":313,"column":null}},"type":"default-arg","locations":[{"start":{"line":313,"column":24},"end":{"line":313,"column":null}}],"line":313},"17":{"loc":{"start":{"line":315,"column":15},"end":{"line":315,"column":null}},"type":"default-arg","locations":[{"start":{"line":315,"column":25},"end":{"line":315,"column":null}}],"line":315}},"s":{"0":0,"1":0,"2":0,"3":0,"4":0,"5":0,"6":0,"7":0,"8":0,"9":0,"10":0,"11":0,"12":0,"13":0,"14":0,"15":0,"16":0,"17":0,"18":0,"19":0,"20":0,"21":0,"22":0,"23":0,"24":0,"25":0,"26":0,"27":0,"28":0,"29":0,"30":0,"31":0,"32":0,"33":0,"34":0,"35":0,"36":0,"37":0,"38":0,"39":0,"40":0,"41":0,"42":0,"43":0,"44":0,"45":0,"46":0,"47":0,"48":0,"49":0,"50":0,"51":0,"52":0,"53":0,"54":0,"55":0,"56":0,"57":0,"58":0,"59":0},"f":{"0":0,"1":0,"2":0,"3":0,"4":0,"5":0,"6":0,"7":0,"8":0,"9":0,"10":0,"11":0,"12":0,"13":0},"b":{"0":[0,0],"1":[0,0],"2":[0,0],"3":[0,0],"4":[0,0],"5":[0,0],"6":[0,0],"7":[0,0],"8":[0,0],"9":[0,0],"10":[0,0],"11":[0,0],"12":[0,0],"13":[0,0],"14":[0,0],"15":[0,0],"16":[0],"17":[0]},"meta":{"lastBranch":18,"lastFunction":14,"lastStatement":60,"seen":{"s:24:19:24:Infinity":0,"s:25:29:25:Infinity":1,"f:63:22:63:77":0,"s:64:2:114:Infinity":2,"s:65:24:65:Infinity":3,"s:66:10:88:Infinity":4,"f:74:10:74:19":1,"s:75:12:75:Infinity":5,"f:77:10:77:17":2,"s:78:12:84:Infinity":6,"f:78:33:78:34":3,"s:79:14:83:Infinity":7,"s:80:16:80:Infinity":8,"s:93:8:93:Infinity":9,"b:95:4:103:Infinity:undefined:undefined:undefined:undefined":0,"s:95:4:103:Infinity":10,"b:95:8:95:21:95:21:95:28":1,"s:96:6:102:Infinity":11,"s:105:4:105:Infinity":12,"s:107:4:113:Infinity":13,"f:134:22:134:75":4,"s:135:15:135:Infinity":14,"b:136:2:136:Infinity:undefined:undefined:undefined:undefined":2,"s:136:2:136:Infinity":15,"s:136:21:136:Infinity":16,"s:139:17:139:Infinity":17,"s:140:14:140:Infinity":18,"b:141:2:154:Infinity:undefined:undefined:undefined:undefined":3,"s:141:2:154:Infinity":19,"b:141:6:141:16:141:16:141:38":4,"s:143:4:143:Infinity":20,"b:144:4:152:Infinity:undefined:undefined:undefined:undefined":5,"s:144:4:152:Infinity":21,"s:145:6:151:Infinity":22,"s:153:4:153:Infinity":23,"s:157:22:157:Infinity":24,"s:158:29:162:Infinity":25,"s:164:18:164:Infinity":26,"b:167:2:177:Infinity:undefined:undefined:undefined:undefined":6,"s:167:2:177:Infinity":27,"s:168:35:168:Infinity":28,"s:169:23:169:Infinity":29,"s:170:4:175:Infinity":30,"b:171:6:174:Infinity:undefined:undefined:undefined:undefined":7,"s:171:6:174:Infinity":31,"s:172:8:172:Infinity":32,"s:173:8:173:Infinity":33,"b:176:4:176:Infinity:undefined:undefined:undefined:undefined":8,"s:176:4:176:Infinity":34,"s:176:19:176:Infinity":35,"s:180:2:180:Infinity":36,"b:182:2:190:Infinity:undefined:undefined:undefined:undefined":9,"s:182:2:190:Infinity":37,"s:183:4:189:Infinity":38,"s:192:2:192:Infinity":39,"f:219:22:219:Infinity":5,"s:224:35:228:Infinity":40,"b:230:2:238:Infinity:undefined:undefined:undefined:undefined":10,"s:230:2:238:Infinity":41,"b:230:6:230:15:230:15:230:25":11,"s:231:4:237:Infinity":42,"b:240:2:248:Infinity:undefined:undefined:undefined:undefined":12,"s:240:2:248:Infinity":43,"s:241:4:247:Infinity":44,"s:250:2:250:Infinity":45,"f:262:16:262:59":6,"s:263:2:271:Infinity":46,"b:264:4:264:32:264:32:264:Infinity":13,"f:284:16:284:24":7,"s:285:17:285:Infinity":47,"s:286:14:286:Infinity":48,"b:287:2:291:Infinity:undefined:undefined:undefined:undefined":14,"s:287:2:291:Infinity":49,"b:287:6:287:16:287:16:287:38":15,"s:289:4:289:Infinity":50,"s:290:4:290:Infinity":51,"s:293:2:293:Infinity":52,"s:308:26:324:Infinity":53,"f:309:16:309:Infinity":8,"s:310:4:310:Infinity":54,"f:311:13:311:Infinity":9,"s:312:4:312:Infinity":55,"f:313:12:313:13":10,"s:314:4:314:Infinity":56,"b:313:24:313:Infinity":16,"f:315:14:315:15":11,"s:316:4:316:Infinity":57,"b:315:25:315:Infinity":17,"f:317:13:317:14":12,"s:318:4:321:Infinity":58,"f:322:15:322:Infinity":13,"s:323:4:323:Infinity":59}}}
,"/Users/airborneshellback/vibecode-projects/clarus-app/lib/build-preference-prompt.ts": {"path":"/Users/airborneshellback/vibecode-projects/clarus-app/lib/build-preference-prompt.ts","statementMap":{"0":{"start":{"line":17,"column":97},"end":{"line":64,"column":null}},"1":{"start":{"line":66,"column":85},"end":{"line":84,"column":null}},"2":{"start":{"line":86,"column":75},"end":{"line":111,"column":null}},"3":{"start":{"line":121,"column":2},"end":{"line":121,"column":null}},"4":{"start":{"line":121,"column":34},"end":{"line":121,"column":null}},"5":{"start":{"line":125,"column":4},"end":{"line":129,"column":null}},"6":{"start":{"line":131,"column":2},"end":{"line":131,"column":null}},"7":{"start":{"line":131,"column":17},"end":{"line":131,"column":null}},"8":{"start":{"line":133,"column":15},"end":{"line":133,"column":null}},"9":{"start":{"line":134,"column":20},"end":{"line":134,"column":null}},"10":{"start":{"line":136,"column":26},"end":{"line":140,"column":null}},"11":{"start":{"line":142,"column":2},"end":{"line":152,"column":null}},"12":{"start":{"line":143,"column":30},"end":{"line":147,"column":null}},"13":{"start":{"line":144,"column":18},"end":{"line":144,"column":33}},"14":{"start":{"line":146,"column":18},"end":{"line":146,"column":47}},"15":{"start":{"line":149,"column":4},"end":{"line":151,"column":null}},"16":{"start":{"line":150,"column":6},"end":{"line":150,"column":null}},"17":{"start":{"line":154,"column":2},"end":{"line":154,"column":null}},"18":{"start":{"line":155,"column":2},"end":{"line":155,"column":null}},"19":{"start":{"line":157,"column":2},"end":{"line":157,"column":null}}},"fnMap":{"0":{"name":"buildPreferenceBlock","decl":{"start":{"line":120,"column":16},"end":{"line":120,"column":37}},"loc":{"start":{"line":120,"column":84},"end":{"line":158,"column":null}},"line":120},"1":{"name":"(anonymous_1)","decl":{"start":{"line":144,"column":11},"end":{"line":144,"column":12}},"loc":{"start":{"line":144,"column":18},"end":{"line":144,"column":33}},"line":144},"2":{"name":"(anonymous_2)","decl":{"start":{"line":146,"column":11},"end":{"line":146,"column":12}},"loc":{"start":{"line":146,"column":18},"end":{"line":146,"column":47}},"line":146}},"branchMap":{"0":{"loc":{"start":{"line":121,"column":2},"end":{"line":121,"column":null}},"type":"if","locations":[{"start":{"line":121,"column":2},"end":{"line":121,"column":null}},{"start":{},"end":{}}],"line":121},"1":{"loc":{"start":{"line":121,"column":6},"end":{"line":121,"column":34}},"type":"binary-expr","locations":[{"start":{"line":121,"column":6},"end":{"line":121,"column":16}},{"start":{"line":121,"column":16},"end":{"line":121,"column":34}}],"line":121},"2":{"loc":{"start":{"line":125,"column":4},"end":{"line":129,"column":null}},"type":"binary-expr","locations":[{"start":{"line":125,"column":4},"end":{"line":125,"column":null}},{"start":{"line":126,"column":4},"end":{"line":126,"column":null}},{"start":{"line":127,"column":4},"end":{"line":127,"column":null}},{"start":{"line":128,"column":4},"end":{"line":128,"column":null}},{"start":{"line":129,"column":4},"end":{"line":129,"column":null}}],"line":125},"3":{"loc":{"start":{"line":131,"column":2},"end":{"line":131,"column":null}},"type":"if","locations":[{"start":{"line":131,"column":2},"end":{"line":131,"column":null}},{"start":{},"end":{}}],"line":131},"4":{"loc":{"start":{"line":133,"column":15},"end":{"line":133,"column":null}},"type":"binary-expr","locations":[{"start":{"line":133,"column":15},"end":{"line":133,"column":57}},{"start":{"line":133,"column":57},"end":{"line":133,"column":null}}],"line":133},"5":{"loc":{"start":{"line":134,"column":20},"end":{"line":134,"column":null}},"type":"binary-expr","locations":[{"start":{"line":134,"column":20},"end":{"line":134,"column":69}},{"start":{"line":134,"column":69},"end":{"line":134,"column":null}}],"line":134},"6":{"loc":{"start":{"line":142,"column":2},"end":{"line":152,"column":null}},"type":"if","locations":[{"start":{"line":142,"column":2},"end":{"line":152,"column":null}},{"start":{},"end":{}}],"line":142},"7":{"loc":{"start":{"line":149,"column":4},"end":{"line":151,"column":null}},"type":"if","locations":[{"start":{"line":149,"column":4},"end":{"line":151,"column":null}},{"start":{},"end":{}}],"line":149}},"s":{"0":0,"1":0,"2":0,"3":0,"4":0,"5":0,"6":0,"7":0,"8":0,"9":0,"10":0,"11":0,"12":0,"13":0,"14":0,"15":0,"16":0,"17":0,"18":0,"19":0},"f":{"0":0,"1":0,"2":0},"b":{"0":[0,0],"1":[0,0],"2":[0,0,0,0,0],"3":[0,0],"4":[0,0],"5":[0,0],"6":[0,0],"7":[0,0]},"meta":{"lastBranch":8,"lastFunction":3,"lastStatement":20,"seen":{"s:17:97:64:Infinity":0,"s:66:85:84:Infinity":1,"s:86:75:111:Infinity":2,"f:120:16:120:37":0,"b:121:2:121:Infinity:undefined:undefined:undefined:undefined":0,"s:121:2:121:Infinity":3,"b:121:6:121:16:121:16:121:34":1,"s:121:34:121:Infinity":4,"s:125:4:129:Infinity":5,"b:125:4:125:Infinity:126:4:126:Infinity:127:4:127:Infinity:128:4:128:Infinity:129:4:129:Infinity":2,"b:131:2:131:Infinity:undefined:undefined:undefined:undefined":3,"s:131:2:131:Infinity":6,"s:131:17:131:Infinity":7,"s:133:15:133:Infinity":8,"b:133:15:133:57:133:57:133:Infinity":4,"s:134:20:134:Infinity":9,"b:134:20:134:69:134:69:134:Infinity":5,"s:136:26:140:Infinity":10,"b:142:2:152:Infinity:undefined:undefined:undefined:undefined":6,"s:142:2:152:Infinity":11,"s:143:30:147:Infinity":12,"f:144:11:144:12":1,"s:144:18:144:33":13,"f:146:11:146:12":2,"s:146:18:146:47":14,"b:149:4:151:Infinity:undefined:undefined:undefined:undefined":7,"s:149:4:151:Infinity":15,"s:150:6:150:Infinity":16,"s:154:2:154:Infinity":17,"s:155:2:155:Infinity":18,"s:157:2:157:Infinity":19}}}
,"/Users/airborneshellback/vibecode-projects/clarus-app/lib/content-screening.ts": {"path":"/Users/airborneshellback/vibecode-projects/clarus-app/lib/content-screening.ts","statementMap":{"0":{"start":{"line":67,"column":112},"end":{"line":72,"column":null}},"1":{"start":{"line":82,"column":2},"end":{"line":86,"column":null}},"2":{"start":{"line":83,"column":4},"end":{"line":83,"column":null}},"3":{"start":{"line":85,"column":4},"end":{"line":85,"column":null}},"4":{"start":{"line":88,"column":2},"end":{"line":97,"column":null}},"5":{"start":{"line":89,"column":4},"end":{"line":96,"column":null}},"6":{"start":{"line":90,"column":6},"end":{"line":95,"column":null}},"7":{"start":{"line":99,"column":2},"end":{"line":99,"column":null}},"8":{"start":{"line":123,"column":43},"end":{"line":182,"column":null}},"9":{"start":{"line":195,"column":2},"end":{"line":195,"column":null}},"10":{"start":{"line":195,"column":33},"end":{"line":195,"column":null}},"11":{"start":{"line":198,"column":21},"end":{"line":198,"column":null}},"12":{"start":{"line":199,"column":31},"end":{"line":199,"column":null}},"13":{"start":{"line":200,"column":25},"end":{"line":200,"column":null}},"14":{"start":{"line":202,"column":2},"end":{"line":216,"column":null}},"15":{"start":{"line":203,"column":4},"end":{"line":215,"column":null}},"16":{"start":{"line":204,"column":26},"end":{"line":204,"column":null}},"17":{"start":{"line":206,"column":6},"end":{"line":214,"column":null}},"18":{"start":{"line":207,"column":8},"end":{"line":207,"column":null}},"19":{"start":{"line":208,"column":8},"end":{"line":213,"column":null}},"20":{"start":{"line":218,"column":2},"end":{"line":218,"column":null}},"21":{"start":{"line":236,"column":2},"end":{"line":236,"column":null}},"22":{"start":{"line":236,"column":23},"end":{"line":236,"column":null}},"23":{"start":{"line":239,"column":2},"end":{"line":249,"column":null}},"24":{"start":{"line":240,"column":16},"end":{"line":240,"column":null}},"25":{"start":{"line":241,"column":4},"end":{"line":248,"column":null}},"26":{"start":{"line":242,"column":6},"end":{"line":247,"column":null}},"27":{"start":{"line":252,"column":2},"end":{"line":259,"column":null}},"28":{"start":{"line":253,"column":4},"end":{"line":258,"column":null}},"29":{"start":{"line":261,"column":2},"end":{"line":261,"column":null}},"30":{"start":{"line":265,"column":16},"end":{"line":265,"column":null}},"31":{"start":{"line":266,"column":37},"end":{"line":266,"column":null}},"32":{"start":{"line":268,"column":2},"end":{"line":270,"column":null}},"33":{"start":{"line":269,"column":4},"end":{"line":269,"column":null}},"34":{"start":{"line":271,"column":2},"end":{"line":273,"column":null}},"35":{"start":{"line":272,"column":4},"end":{"line":272,"column":null}},"36":{"start":{"line":274,"column":2},"end":{"line":276,"column":null}},"37":{"start":{"line":275,"column":4},"end":{"line":275,"column":null}},"38":{"start":{"line":277,"column":2},"end":{"line":279,"column":null}},"39":{"start":{"line":278,"column":4},"end":{"line":278,"column":null}},"40":{"start":{"line":282,"column":2},"end":{"line":282,"column":null}},"41":{"start":{"line":282,"column":31},"end":{"line":282,"column":null}},"42":{"start":{"line":284,"column":2},"end":{"line":284,"column":null}},"43":{"start":{"line":291,"column":79},"end":{"line":291,"column":null}},"44":{"start":{"line":293,"column":2},"end":{"line":299,"column":null}},"45":{"start":{"line":294,"column":4},"end":{"line":298,"column":null}},"46":{"start":{"line":300,"column":2},"end":{"line":300,"column":null}},"47":{"start":{"line":310,"column":2},"end":{"line":310,"column":null}},"48":{"start":{"line":331,"column":2},"end":{"line":355,"column":null}},"49":{"start":{"line":332,"column":21},"end":{"line":332,"column":null}},"50":{"start":{"line":334,"column":4},"end":{"line":347,"column":null}},"51":{"start":{"line":349,"column":4},"end":{"line":351,"column":null}},"52":{"start":{"line":354,"column":4},"end":{"line":354,"column":null}},"53":{"start":{"line":395,"column":31},"end":{"line":395,"column":null}},"54":{"start":{"line":398,"column":18},"end":{"line":398,"column":null}},"55":{"start":{"line":399,"column":2},"end":{"line":399,"column":null}},"56":{"start":{"line":399,"column":15},"end":{"line":399,"column":null}},"57":{"start":{"line":402,"column":2},"end":{"line":405,"column":null}},"58":{"start":{"line":403,"column":22},"end":{"line":403,"column":null}},"59":{"start":{"line":404,"column":4},"end":{"line":404,"column":null}},"60":{"start":{"line":408,"column":2},"end":{"line":418,"column":null}},"61":{"start":{"line":409,"column":4},"end":{"line":417,"column":null}},"62":{"start":{"line":421,"column":18},"end":{"line":421,"column":null}},"63":{"start":{"line":421,"column":34},"end":{"line":421,"column":84}},"64":{"start":{"line":423,"column":2},"end":{"line":423,"column":null}}},"fnMap":{"0":{"name":"screenUrl","decl":{"start":{"line":80,"column":16},"end":{"line":80,"column":26}},"loc":{"start":{"line":80,"column":59},"end":{"line":100,"column":null}},"line":80},"1":{"name":"screenText","decl":{"start":{"line":194,"column":16},"end":{"line":194,"column":27}},"loc":{"start":{"line":194,"column":56},"end":{"line":219,"column":null}},"line":194},"2":{"name":"detectAiRefusal","decl":{"start":{"line":235,"column":16},"end":{"line":235,"column":32}},"loc":{"start":{"line":235,"column":77},"end":{"line":262,"column":null}},"line":235},"3":{"name":"inferCategoriesFromReason","decl":{"start":{"line":264,"column":9},"end":{"line":264,"column":35}},"loc":{"start":{"line":264,"column":67},"end":{"line":285,"column":null}},"line":264},"4":{"name":"getAdminClient","decl":{"start":{"line":292,"column":9},"end":{"line":292,"column":26}},"loc":{"start":{"line":292,"column":26},"end":{"line":301,"column":null}},"line":292},"5":{"name":"hashContent","decl":{"start":{"line":309,"column":16},"end":{"line":309,"column":28}},"loc":{"start":{"line":309,"column":50},"end":{"line":311,"column":null}},"line":309},"6":{"name":"persistFlag","decl":{"start":{"line":322,"column":22},"end":{"line":322,"column":34}},"loc":{"start":{"line":330,"column":18},"end":{"line":356,"column":null}},"line":330},"7":{"name":"screenContent","decl":{"start":{"line":387,"column":22},"end":{"line":387,"column":36}},"loc":{"start":{"line":394,"column":29},"end":{"line":424,"column":null}},"line":394},"8":{"name":"(anonymous_8)","decl":{"start":{"line":421,"column":29},"end":{"line":421,"column":34}},"loc":{"start":{"line":421,"column":34},"end":{"line":421,"column":84}},"line":421}},"branchMap":{"0":{"loc":{"start":{"line":89,"column":4},"end":{"line":96,"column":null}},"type":"if","locations":[{"start":{"line":89,"column":4},"end":{"line":96,"column":null}},{"start":{},"end":{}}],"line":89},"1":{"loc":{"start":{"line":195,"column":2},"end":{"line":195,"column":null}},"type":"if","locations":[{"start":{"line":195,"column":2},"end":{"line":195,"column":null}},{"start":{},"end":{}}],"line":195},"2":{"loc":{"start":{"line":195,"column":6},"end":{"line":195,"column":33}},"type":"binary-expr","locations":[{"start":{"line":195,"column":6},"end":{"line":195,"column":15}},{"start":{"line":195,"column":15},"end":{"line":195,"column":33}}],"line":195},"3":{"loc":{"start":{"line":203,"column":4},"end":{"line":215,"column":null}},"type":"if","locations":[{"start":{"line":203,"column":4},"end":{"line":215,"column":null}},{"start":{},"end":{}}],"line":203},"4":{"loc":{"start":{"line":206,"column":6},"end":{"line":214,"column":null}},"type":"if","locations":[{"start":{"line":206,"column":6},"end":{"line":214,"column":null}},{"start":{},"end":{}}],"line":206},"5":{"loc":{"start":{"line":236,"column":2},"end":{"line":236,"column":null}},"type":"if","locations":[{"start":{"line":236,"column":2},"end":{"line":236,"column":null}},{"start":{},"end":{}}],"line":236},"6":{"loc":{"start":{"line":239,"column":2},"end":{"line":249,"column":null}},"type":"if","locations":[{"start":{"line":239,"column":2},"end":{"line":249,"column":null}},{"start":{},"end":{}}],"line":239},"7":{"loc":{"start":{"line":239,"column":6},"end":{"line":239,"column":69}},"type":"binary-expr","locations":[{"start":{"line":239,"column":6},"end":{"line":239,"column":44}},{"start":{"line":239,"column":44},"end":{"line":239,"column":69}}],"line":239},"8":{"loc":{"start":{"line":241,"column":4},"end":{"line":248,"column":null}},"type":"if","locations":[{"start":{"line":241,"column":4},"end":{"line":248,"column":null}},{"start":{},"end":{}}],"line":241},"9":{"loc":{"start":{"line":245,"column":53},"end":{"line":245,"column":69}},"type":"binary-expr","locations":[{"start":{"line":245,"column":53},"end":{"line":245,"column":67}},{"start":{"line":245,"column":67},"end":{"line":245,"column":69}}],"line":245},"10":{"loc":{"start":{"line":246,"column":23},"end":{"line":246,"column":73}},"type":"binary-expr","locations":[{"start":{"line":246,"column":23},"end":{"line":246,"column":37}},{"start":{"line":246,"column":37},"end":{"line":246,"column":73}}],"line":246},"11":{"loc":{"start":{"line":252,"column":2},"end":{"line":259,"column":null}},"type":"if","locations":[{"start":{"line":252,"column":2},"end":{"line":259,"column":null}},{"start":{},"end":{}}],"line":252},"12":{"loc":{"start":{"line":252,"column":6},"end":{"line":252,"column":91}},"type":"binary-expr","locations":[{"start":{"line":252,"column":6},"end":{"line":252,"column":44}},{"start":{"line":252,"column":44},"end":{"line":252,"column":91}}],"line":252},"13":{"loc":{"start":{"line":268,"column":2},"end":{"line":270,"column":null}},"type":"if","locations":[{"start":{"line":268,"column":2},"end":{"line":270,"column":null}},{"start":{},"end":{}}],"line":268},"14":{"loc":{"start":{"line":268,"column":6},"end":{"line":268,"column":118}},"type":"binary-expr","locations":[{"start":{"line":268,"column":6},"end":{"line":268,"column":33}},{"start":{"line":268,"column":33},"end":{"line":268,"column":59}},{"start":{"line":268,"column":59},"end":{"line":268,"column":86}},{"start":{"line":268,"column":86},"end":{"line":268,"column":118}}],"line":268},"15":{"loc":{"start":{"line":271,"column":2},"end":{"line":273,"column":null}},"type":"if","locations":[{"start":{"line":271,"column":2},"end":{"line":273,"column":null}},{"start":{},"end":{}}],"line":271},"16":{"loc":{"start":{"line":271,"column":6},"end":{"line":271,"column":86}},"type":"binary-expr","locations":[{"start":{"line":271,"column":6},"end":{"line":271,"column":34}},{"start":{"line":271,"column":34},"end":{"line":271,"column":60}},{"start":{"line":271,"column":60},"end":{"line":271,"column":86}}],"line":271},"17":{"loc":{"start":{"line":274,"column":2},"end":{"line":276,"column":null}},"type":"if","locations":[{"start":{"line":274,"column":2},"end":{"line":276,"column":null}},{"start":{},"end":{}}],"line":274},"18":{"loc":{"start":{"line":274,"column":6},"end":{"line":274,"column":125}},"type":"binary-expr","locations":[{"start":{"line":274,"column":6},"end":{"line":274,"column":34}},{"start":{"line":274,"column":34},"end":{"line":274,"column":65}},{"start":{"line":274,"column":65},"end":{"line":274,"column":95}},{"start":{"line":274,"column":95},"end":{"line":274,"column":125}}],"line":274},"19":{"loc":{"start":{"line":277,"column":2},"end":{"line":279,"column":null}},"type":"if","locations":[{"start":{"line":277,"column":2},"end":{"line":279,"column":null}},{"start":{},"end":{}}],"line":277},"20":{"loc":{"start":{"line":282,"column":2},"end":{"line":282,"column":null}},"type":"if","locations":[{"start":{"line":282,"column":2},"end":{"line":282,"column":null}},{"start":{},"end":{}}],"line":282},"21":{"loc":{"start":{"line":293,"column":2},"end":{"line":299,"column":null}},"type":"if","locations":[{"start":{"line":293,"column":2},"end":{"line":299,"column":null}},{"start":{},"end":{}}],"line":293},"22":{"loc":{"start":{"line":335,"column":18},"end":{"line":335,"column":null}},"type":"binary-expr","locations":[{"start":{"line":335,"column":18},"end":{"line":335,"column":38}},{"start":{"line":335,"column":38},"end":{"line":335,"column":null}}],"line":335},"23":{"loc":{"start":{"line":336,"column":15},"end":{"line":336,"column":null}},"type":"binary-expr","locations":[{"start":{"line":336,"column":15},"end":{"line":336,"column":32}},{"start":{"line":336,"column":32},"end":{"line":336,"column":null}}],"line":336},"24":{"loc":{"start":{"line":338,"column":20},"end":{"line":338,"column":null}},"type":"binary-expr","locations":[{"start":{"line":338,"column":20},"end":{"line":338,"column":42}},{"start":{"line":338,"column":42},"end":{"line":338,"column":null}}],"line":338},"25":{"loc":{"start":{"line":343,"column":15},"end":{"line":343,"column":null}},"type":"binary-expr","locations":[{"start":{"line":343,"column":15},"end":{"line":343,"column":32}},{"start":{"line":343,"column":32},"end":{"line":343,"column":null}}],"line":343},"26":{"loc":{"start":{"line":344,"column":20},"end":{"line":344,"column":null}},"type":"cond-expr","locations":[{"start":{"line":344,"column":41},"end":{"line":344,"column":75}},{"start":{"line":344,"column":75},"end":{"line":344,"column":null}}],"line":344},"27":{"loc":{"start":{"line":345,"column":28},"end":{"line":345,"column":null}},"type":"binary-expr","locations":[{"start":{"line":345,"column":28},"end":{"line":345,"column":69}},{"start":{"line":345,"column":69},"end":{"line":345,"column":null}}],"line":345},"28":{"loc":{"start":{"line":399,"column":2},"end":{"line":399,"column":null}},"type":"if","locations":[{"start":{"line":399,"column":2},"end":{"line":399,"column":null}},{"start":{},"end":{}}],"line":399},"29":{"loc":{"start":{"line":402,"column":2},"end":{"line":405,"column":null}},"type":"if","locations":[{"start":{"line":402,"column":2},"end":{"line":405,"column":null}},{"start":{},"end":{}}],"line":402},"30":{"loc":{"start":{"line":421,"column":34},"end":{"line":421,"column":84}},"type":"binary-expr","locations":[{"start":{"line":421,"column":34},"end":{"line":421,"column":63}},{"start":{"line":421,"column":63},"end":{"line":421,"column":84}}],"line":421}},"s":{"0":1,"1":8,"2":8,"3":2,"4":6,"5":11,"6":3,"7":3,"8":1,"9":7,"10":3,"11":4,"12":4,"13":4,"14":4,"15":32,"16":3,"17":3,"18":2,"19":2,"20":4,"21":10,"22":2,"23":8,"24":6,"25":6,"26":4,"27":4,"28":1,"29":3,"30":5,"31":5,"32":5,"33":1,"34":5,"35":1,"36":5,"37":1,"38":5,"39":1,"40":5,"41":1,"42":5,"43":1,"44":0,"45":0,"46":0,"47":6,"48":0,"49":0,"50":0,"51":0,"52":0,"53":0,"54":0,"55":0,"56":0,"57":0,"58":0,"59":0,"60":0,"61":0,"62":0,"63":0,"64":0},"f":{"0":8,"1":7,"2":10,"3":5,"4":0,"5":6,"6":0,"7":0,"8":0},"b":{"0":[3,8],"1":[3,4],"2":[7,6],"3":[3,29],"4":[2,1],"5":[2,8],"6":[6,2],"7":[8,6],"8":[4,2],"9":[4,0],"10":[4,0],"11":[1,3],"12":[4,2],"13":[1,4],"14":[5,4,4,4],"15":[1,4],"16":[5,4,4],"17":[1,4],"18":[5,4,4,4],"19":[1,4],"20":[1,4],"21":[0,0],"22":[0,0],"23":[0,0],"24":[0,0],"25":[0,0],"26":[0,0],"27":[0,0],"28":[0,0],"29":[0,0],"30":[0,0]},"meta":{"lastBranch":31,"lastFunction":9,"lastStatement":65,"seen":{"s:67:112:72:Infinity":0,"f:80:16:80:26":0,"s:82:2:86:Infinity":1,"s:83:4:83:Infinity":2,"s:85:4:85:Infinity":3,"s:88:2:97:Infinity":4,"b:89:4:96:Infinity:undefined:undefined:undefined:undefined":0,"s:89:4:96:Infinity":5,"s:90:6:95:Infinity":6,"s:99:2:99:Infinity":7,"s:123:43:182:Infinity":8,"f:194:16:194:27":1,"b:195:2:195:Infinity:undefined:undefined:undefined:undefined":1,"s:195:2:195:Infinity":9,"b:195:6:195:15:195:15:195:33":2,"s:195:33:195:Infinity":10,"s:198:21:198:Infinity":11,"s:199:31:199:Infinity":12,"s:200:25:200:Infinity":13,"s:202:2:216:Infinity":14,"b:203:4:215:Infinity:undefined:undefined:undefined:undefined":3,"s:203:4:215:Infinity":15,"s:204:26:204:Infinity":16,"b:206:6:214:Infinity:undefined:undefined:undefined:undefined":4,"s:206:6:214:Infinity":17,"s:207:8:207:Infinity":18,"s:208:8:213:Infinity":19,"s:218:2:218:Infinity":20,"f:235:16:235:32":2,"b:236:2:236:Infinity:undefined:undefined:undefined:undefined":5,"s:236:2:236:Infinity":21,"s:236:23:236:Infinity":22,"b:239:2:249:Infinity:undefined:undefined:undefined:undefined":6,"s:239:2:249:Infinity":23,"b:239:6:239:44:239:44:239:69":7,"s:240:16:240:Infinity":24,"b:241:4:248:Infinity:undefined:undefined:undefined:undefined":8,"s:241:4:248:Infinity":25,"s:242:6:247:Infinity":26,"b:245:53:245:67:245:67:245:69":9,"b:246:23:246:37:246:37:246:73":10,"b:252:2:259:Infinity:undefined:undefined:undefined:undefined":11,"s:252:2:259:Infinity":27,"b:252:6:252:44:252:44:252:91":12,"s:253:4:258:Infinity":28,"s:261:2:261:Infinity":29,"f:264:9:264:35":3,"s:265:16:265:Infinity":30,"s:266:37:266:Infinity":31,"b:268:2:270:Infinity:undefined:undefined:undefined:undefined":13,"s:268:2:270:Infinity":32,"b:268:6:268:33:268:33:268:59:268:59:268:86:268:86:268:118":14,"s:269:4:269:Infinity":33,"b:271:2:273:Infinity:undefined:undefined:undefined:undefined":15,"s:271:2:273:Infinity":34,"b:271:6:271:34:271:34:271:60:271:60:271:86":16,"s:272:4:272:Infinity":35,"b:274:2:276:Infinity:undefined:undefined:undefined:undefined":17,"s:274:2:276:Infinity":36,"b:274:6:274:34:274:34:274:65:274:65:274:95:274:95:274:125":18,"s:275:4:275:Infinity":37,"b:277:2:279:Infinity:undefined:undefined:undefined:undefined":19,"s:277:2:279:Infinity":38,"s:278:4:278:Infinity":39,"b:282:2:282:Infinity:undefined:undefined:undefined:undefined":20,"s:282:2:282:Infinity":40,"s:282:31:282:Infinity":41,"s:284:2:284:Infinity":42,"s:291:79:291:Infinity":43,"f:292:9:292:26":4,"b:293:2:299:Infinity:undefined:undefined:undefined:undefined":21,"s:293:2:299:Infinity":44,"s:294:4:298:Infinity":45,"s:300:2:300:Infinity":46,"f:309:16:309:28":5,"s:310:2:310:Infinity":47,"f:322:22:322:34":6,"s:331:2:355:Infinity":48,"s:332:21:332:Infinity":49,"s:334:4:347:Infinity":50,"b:335:18:335:38:335:38:335:Infinity":22,"b:336:15:336:32:336:32:336:Infinity":23,"b:338:20:338:42:338:42:338:Infinity":24,"b:343:15:343:32:343:32:343:Infinity":25,"b:344:41:344:75:344:75:344:Infinity":26,"b:345:28:345:69:345:69:345:Infinity":27,"s:349:4:351:Infinity":51,"s:354:4:354:Infinity":52,"f:387:22:387:36":7,"s:395:31:395:Infinity":53,"s:398:18:398:Infinity":54,"b:399:2:399:Infinity:undefined:undefined:undefined:undefined":28,"s:399:2:399:Infinity":55,"s:399:15:399:Infinity":56,"b:402:2:405:Infinity:undefined:undefined:undefined:undefined":29,"s:402:2:405:Infinity":57,"s:403:22:403:Infinity":58,"s:404:4:404:Infinity":59,"s:408:2:418:Infinity":60,"s:409:4:417:Infinity":61,"s:421:18:421:Infinity":62,"f:421:29:421:34":8,"s:421:34:421:84":63,"b:421:34:421:63:421:63:421:84":30,"s:423:2:423:Infinity":64}}}
[...]
ations":[{"start":{"line":41,"column":11},"end":{"line":41,"column":50}},{"start":{"line":41,"column":50},"end":{"line":41,"column":null}}],"line":41},"3":{"loc":{"start":{"line":46,"column":2},"end":{"line":46,"column":null}},"type":"if","locations":[{"start":{"line":46,"column":2},"end":{"line":46,"column":null}},{"start":{},"end":{}}],"line":46},"4":{"loc":{"start":{"line":67,"column":4},"end":{"line":69,"column":null}},"type":"if","locations":[{"start":{"line":67,"column":4},"end":{"line":69,"column":null}},{"start":{},"end":{}}],"line":67},"5":{"loc":{"start":{"line":74,"column":27},"end":{"line":76,"column":null}},"type":"binary-expr","locations":[{"start":{"line":74,"column":27},"end":{"line":74,"column":null}},{"start":{"line":75,"column":9},"end":{"line":75,"column":null}},{"start":{"line":76,"column":9},"end":{"line":76,"column":null}}],"line":74},"6":{"loc":{"start":{"line":78,"column":4},"end":{"line":80,"column":null}},"type":"if","locations":[{"start":{"line":78,"column":4},"end":{"line":80,"column":null}},{"start":{},"end":{}}],"line":78},"7":{"loc":{"start":{"line":85,"column":22},"end":{"line":87,"column":null}},"type":"binary-expr","locations":[{"start":{"line":85,"column":22},"end":{"line":85,"column":null}},{"start":{"line":86,"column":9},"end":{"line":86,"column":null}},{"start":{"line":87,"column":9},"end":{"line":87,"column":null}}],"line":85},"8":{"loc":{"start":{"line":88,"column":24},"end":{"line":88,"column":null}},"type":"cond-expr","locations":[{"start":{"line":88,"column":36},"end":{"line":88,"column":71}},{"start":{"line":88,"column":71},"end":{"line":88,"column":null}}],"line":88},"9":{"loc":{"start":{"line":92,"column":21},"end":{"line":92,"column":null}},"type":"cond-expr","locations":[{"start":{"line":92,"column":34},"end":{"line":92,"column":50}},{"start":{"line":92,"column":50},"end":{"line":92,"column":null}}],"line":92},"10":{"loc":{"start":{"line":129,"column":2},"end":{"line":131,"column":null}},"type":"if","locations":[{"start":{"line":129,"column":2},"end":{"line":131,"column":null}},{"start":{},"end":{}}],"line":129},"11":{"loc":{"start":{"line":129,"column":6},"end":{"line":129,"column":61}},"type":"binary-expr","locations":[{"start":{"line":129,"column":6},"end":{"line":129,"column":36}},{"start":{"line":129,"column":36},"end":{"line":129,"column":61}}],"line":129},"12":{"loc":{"start":{"line":136,"column":2},"end":{"line":148,"column":null}},"type":"if","locations":[{"start":{"line":136,"column":2},"end":{"line":148,"column":null}},{"start":{},"end":{}}],"line":136},"13":{"loc":{"start":{"line":138,"column":4},"end":{"line":138,"column":null}},"type":"if","locations":[{"start":{"line":138,"column":4},"end":{"line":138,"column":null}},{"start":{},"end":{}}],"line":138},"14":{"loc":{"start":{"line":152,"column":2},"end":{"line":161,"column":null}},"type":"if","locations":[{"start":{"line":152,"column":2},"end":{"line":161,"column":null}},{"start":{},"end":{}}],"line":152},"15":{"loc":{"start":{"line":164,"column":2},"end":{"line":172,"column":null}},"type":"if","locations":[{"start":{"line":164,"column":2},"end":{"line":172,"column":null}},{"start":{},"end":{}}],"line":164},"16":{"loc":{"start":{"line":175,"column":2},"end":{"line":183,"column":null}},"type":"if","locations":[{"start":{"line":175,"column":2},"end":{"line":183,"column":null}},{"start":{},"end":{}}],"line":175},"17":{"loc":{"start":{"line":175,"column":6},"end":{"line":175,"column":67}},"type":"binary-expr","locations":[{"start":{"line":175,"column":6},"end":{"line":175,"column":36}},{"start":{"line":175,"column":36},"end":{"line":175,"column":67}}],"line":175},"18":{"loc":{"start":{"line":187,"column":2},"end":{"line":195,"column":null}},"type":"if","locations":[{"start":{"line":187,"column":2},"end":{"line":195,"column":null}},{"start":{},"end":{}}],"line":187}},"s":{"0":0,"1":0,"2":0,"3":0,"4":0,"5":0,"6":0,"7":0,"8":0,"9":0,"10":0,"11":0,"12":0,"13":0,"14":0,"15":0,"16":0,"17":0,"18":0,"19":0,"20":0,"21":0,"22":0,"23":0,"24":0,"25":0,"26":0,"27":0,"28":0,"29":0,"30":0,"31":0,"32":0,"33":0,"34":0,"35":0,"36":0,"37":0,"38":0,"39":0,"40":0,"41":0,"42":0,"43":0,"44":0,"45":0,"46":0,"47":0,"48":0,"49":0,"50":0,"51":0,"52":0,"53":0,"54":0,"55":0,"56":0,"57":0,"58":0,"59":0,"60":0,"61":0,"62":0,"63":0,"64":0},"f":{"0":0,"1":0,"2":0,"3":0,"4":0,"5":0,"6":0,"7":0},"b":{"0":[0,0],"1":[0,0],"2":[0,0],"3":[0,0],"4":[0,0],"5":[0,0,0],"6":[0,0],"7":[0,0,0],"8":[0,0],"9":[0,0],"10":[0,0],"11":[0,0],"12":[0,0],"13":[0,0],"14":[0,0],"15":[0,0],"16":[0,0],"17":[0,0],"18":[0,0]},"meta":{"lastBranch":19,"lastFunction":8,"lastStatement":65,"seen":{"f:27:9:27:22":0,"s:28:2:28:Infinity":0,"f:34:9:34:24":1,"s:36:12:36:Infinity":1,"b:37:2:37:Infinity:undefined:undefined:undefined:undefined":0,"s:37:2:37:Infinity":2,"s:37:9:37:Infinity":3,"b:40:2:42:Infinity:undefined:undefined:undefined:undefined":1,"s:40:2:42:Infinity":4,"s:41:4:41:Infinity":5,"b:41:11:41:50:41:50:41:Infinity":2,"s:45:21:45:Infinity":6,"b:46:2:46:Infinity:undefined:undefined:undefined:undefined":3,"s:46:2:46:Infinity":7,"s:46:18:46:Infinity":8,"s:48:2:48:Infinity":9,"f:54:15:54:31":2,"s:55:21:55:Infinity":10,"s:56:20:56:Infinity":11,"f:56:31:56:37":3,"s:56:37:56:57":12,"s:58:2:97:Infinity":13,"s:59:21:65:Infinity":14,"b:67:4:69:Infinity:undefined:undefined:undefined:undefined":4,"s:67:4:69:Infinity":15,"s:68:6:68:Infinity":16,"s:71:17:71:Infinity":17,"s:74:27:76:Infinity":18,"b:74:27:74:Infinity:75:9:75:Infinity:76:9:76:Infinity":5,"b:78:4:80:Infinity:undefined:undefined:undefined:undefined":6,"s:78:4:80:Infinity":19,"s:79:6:79:Infinity":20,"s:82:22:82:Infinity":21,"s:85:22:87:Infinity":22,"b:85:22:85:Infinity:86:9:86:Infinity:87:9:87:Infinity":7,"s:88:24:88:Infinity":23,"b:88:36:88:71:88:71:88:Infinity":8,"s:91:23:91:Infinity":24,"s:92:21:92:Infinity":25,"b:92:34:92:50:92:50:92:Infinity":9,"s:94:4:94:Infinity":26,"s:96:4:96:Infinity":27,"f:103:9:103:28":4,"s:104:2:110:Infinity":28,"f:120:22:120:44":5,"s:122:2:126:Infinity":29,"s:123:4:123:Infinity":30,"s:125:4:125:Infinity":31,"s:128:19:128:Infinity":32,"b:129:2:131:Infinity:undefined:undefined:undefined:undefined":10,"s:129:2:131:Infinity":33,"b:129:6:129:36:129:36:129:61":11,"s:130:4:130:Infinity":34,"s:133:19:133:Infinity":35,"b:136:2:148:Infinity:undefined:undefined:undefined:undefined":12,"s:136:2:148:Infinity":36,"s:137:22:137:Infinity":37,"b:138:4:138:Infinity:undefined:undefined:undefined:undefined":13,"s:138:4:138:Infinity":38,"s:138:20:138:Infinity":39,"s:141:21:141:Infinity":40,"s:142:4:147:Infinity":41,"s:151:23:151:Infinity":42,"b:152:2:161:Infinity:undefined:undefined:undefined:undefined":14,"s:152:2:161:Infinity":43,"s:153:22:153:Infinity":44,"s:154:21:154:Infinity":45,"s:155:4:160:Infinity":46,"b:164:2:172:Infinity:undefined:undefined:undefined:undefined":15,"s:164:2:172:Infinity":47,"s:165:17:165:Infinity":48,"s:166:4:171:Infinity":49,"b:175:2:183:Infinity:undefined:undefined:undefined:undefined":16,"s:175:2:183:Infinity":50,"b:175:6:175:36:175:36:175:67":17,"s:176:17:176:Infinity":51,"s:177:4:182:Infinity":52,"s:186:18:186:Infinity":53,"b:187:2:195:Infinity:undefined:undefined:undefined:undefined":18,"s:187:2:195:Infinity":54,"s:188:17:188:Infinity":55,"s:189:4:194:Infinity":56,"s:197:2:197:Infinity":57,"f:203:15:203:32":6,"s:205:32:205:Infinity":58,"s:206:17:206:Infinity":59,"s:207:2:212:Infinity":60,"f:219:16:219:38":7,"s:220:2:225:Infinity":61,"s:221:16:221:Infinity":62,"s:222:4:222:Infinity":63,"s:224:4:224:Infinity":64}}}
,"/Users/airborneshellback/vibecode-projects/clarus-app/lib/admin/export.ts": {"path":"/Users/airborneshellback/vibecode-projects/clarus-app/lib/admin/export.ts","statementMap":{"0":{"start":{"line":26,"column":2},"end":{"line":26,"column":null}},"1":{"start":{"line":26,"column":25},"end":{"line":26,"column":null}},"2":{"start":{"line":28,"column":18},"end":{"line":28,"column":null}},"3":{"start":{"line":29,"column":19},"end":{"line":29,"column":null}},"4":{"start":{"line":30,"column":14},"end":{"line":30,"column":null}},"5":{"start":{"line":32,"column":2},"end":{"line":32,"column":null}},"6":{"start":{"line":36,"column":15},"end":{"line":36,"column":null}},"7":{"start":{"line":38,"column":17},"end":{"line":38,"column":null}},"8":{"start":{"line":39,"column":15},"end":{"line":41,"column":null}},"9":{"start":{"line":40,"column":4},"end":{"line":40,"column":null}},"10":{"start":{"line":40,"column":22},"end":{"line":40,"column":55}},"11":{"start":{"line":43,"column":2},"end":{"line":43,"column":null}},"12":{"start":{"line":47,"column":2},"end":{"line":49,"column":null}},"13":{"start":{"line":48,"column":4},"end":{"line":48,"column":null}},"14":{"start":{"line":50,"column":2},"end":{"line":50,"column":null}},"15":{"start":{"line":54,"column":2},"end":{"line":54,"column":null}},"16":{"start":{"line":58,"column":15},"end":{"line":58,"column":null}},"17":{"start":{"line":59,"column":14},"end":{"line":59,"column":null}},"18":{"start":{"line":60,"column":15},"end":{"line":60,"column":null}},"19":{"start":{"line":61,"column":2},"end":{"line":61,"column":null}},"20":{"start":{"line":62,"column":2},"end":{"line":62,"column":null}},"21":{"start":{"line":63,"column":2},"end":{"line":63,"column":null}},"22":{"start":{"line":64,"column":2},"end":{"line":64,"column":null}},"23":{"start":{"line":65,"column":2},"end":{"line":65,"column":null}},"24":{"start":{"line":66,"column":2},"end":{"line":66,"column":null}}},"fnMap":{"0":{"name":"exportData","decl":{"start":{"line":25,"column":16},"end":{"line":25,"column":27}},"loc":{"start":{"line":25,"column":79},"end":{"line":33,"column":null}},"line":25},"1":{"name":"toCSV","decl":{"start":{"line":35,"column":9},"end":{"line":35,"column":15}},"loc":{"start":{"line":35,"column":76},"end":{"line":44,"column":null}},"line":35},"2":{"name":"(anonymous_2)","decl":{"start":{"line":39,"column":24},"end":{"line":39,"column":25}},"loc":{"start":{"line":40,"column":4},"end":{"line":40,"column":null}},"line":40},"3":{"name":"(anonymous_3)","decl":{"start":{"line":40,"column":13},"end":{"line":40,"column":14}},"loc":{"start":{"line":40,"column":22},"end":{"line":40,"column":55}},"line":40},"4":{"name":"escapeCSV","decl":{"start":{"line":46,"column":9},"end":{"line":46,"column":19}},"loc":{"start":{"line":46,"column":42},"end":{"line":51,"column":null}},"line":46},"5":{"name":"toJSON","decl":{"start":{"line":53,"column":9},"end":{"line":53,"column":16}},"loc":{"start":{"line":53,"column":57},"end":{"line":55,"column":null}},"line":53},"6":{"name":"downloadBlob","decl":{"start":{"line":57,"column":9},"end":{"line":57,"column":22}},"loc":{"start":{"line":57,"column":75},"end":{"line":67,"column":null}},"line":57}},"branchMap":{"0":{"loc":{"start":{"line":26,"column":2},"end":{"line":26,"column":null}},"type":"if","locations":[{"start":{"line":26,"column":2},"end":{"line":26,"column":null}},{"start":{},"end":{}}],"line":26},"1":{"loc":{"start":{"line":28,"column":18},"end":{"line":28,"column":null}},"type":"cond-expr","locations":[{"start":{"line":28,"column":37},"end":{"line":28,"column":60}},{"start":{"line":28,"column":60},"end":{"line":28,"column":null}}],"line":28},"2":{"loc":{"start":{"line":29,"column":19},"end":{"line":29,"column":null}},"type":"cond-expr","locations":[{"start":{"line":29,"column":38},"end":{"line":29,"column":65}},{"start":{"line":29,"column":65},"end":{"line":29,"column":null}}],"line":29},"3":{"loc":{"start":{"line":30,"column":14},"end":{"line":30,"column":null}},"type":"cond-expr","locations":[{"start":{"line":30,"column":33},"end":{"line":30,"column":41}},{"start":{"line":30,"column":41},"end":{"line":30,"column":null}}],"line":30},"4":{"loc":{"start":{"line":36,"column":15},"end":{"line":36,"column":null}},"type":"binary-expr","locations":[{"start":{"line":36,"column":15},"end":{"line":36,"column":26}},{"start":{"line":36,"column":26},"end":{"line":36,"column":null}}],"line":36},"5":{"loc":{"start":{"line":40,"column":39},"end":{"line":40,"column":53}},"type":"binary-expr","locations":[{"start":{"line":40,"column":39},"end":{"line":40,"column":51}},{"start":{"line":40,"column":51},"end":{"line":40,"column":53}}],"line":40},"6":{"loc":{"start":{"line":47,"column":2},"end":{"line":49,"column":null}},"type":"if","locations":[{"start":{"line":47,"column":2},"end":{"line":49,"column":null}},{"start":{},"end":{}}],"line":47},"7":{"loc":{"start":{"line":47,"column":6},"end":{"line":47,"column":74}},"type":"binary-expr","locations":[{"start":{"line":47,"column":6},"end":{"line":47,"column":29}},{"start":{"line":47,"column":29},"end":{"line":47,"column":52}},{"start":{"line":47,"column":52},"end":{"line":47,"column":74}}],"line":47}},"s":{"0":0,"1":0,"2":0,"3":0,"4":0,"5":0,"6":0,"7":0,"8":0,"9":0,"10":0,"11":0,"12":0,"13":0,"14":0,"15":0,"16":0,"17":0,"18":0,"19":0,"20":0,"21":0,"22":0,"23":0,"24":0},"f":{"0":0,"1":0,"2":0,"3":0,"4":0,"5":0,"6":0},"b":{"0":[0,0],"1":[0,0],"2":[0,0],"3":[0,0],"4":[0,0],"5":[0,0],"6":[0,0],"7":[0,0,0]},"meta":{"lastBranch":8,"lastFunction":7,"lastStatement":25,"seen":{"f:25:16:25:27":0,"b:26:2:26:Infinity:undefined:undefined:undefined:undefined":0,"s:26:2:26:Infinity":0,"s:26:25:26:Infinity":1,"s:28:18:28:Infinity":2,"b:28:37:28:60:28:60:28:Infinity":1,"s:29:19:29:Infinity":3,"b:29:38:29:65:29:65:29:Infinity":2,"s:30:14:30:Infinity":4,"b:30:33:30:41:30:41:30:Infinity":3,"s:32:2:32:Infinity":5,"f:35:9:35:15":1,"s:36:15:36:Infinity":6,"b:36:15:36:26:36:26:36:Infinity":4,"s:38:17:38:Infinity":7,"s:39:15:41:Infinity":8,"f:39:24:39:25":2,"s:40:4:40:Infinity":9,"f:40:13:40:14":3,"s:40:22:40:55":10,"b:40:39:40:51:40:51:40:53":5,"s:43:2:43:Infinity":11,"f:46:9:46:19":4,"b:47:2:49:Infinity:undefined:undefined:undefined:undefined":6,"s:47:2:49:Infinity":12,"b:47:6:47:29:47:29:47:52:47:52:47:74":7,"s:48:4:48:Infinity":13,"s:50:2:50:Infinity":14,"f:53:9:53:16":5,"s:54:2:54:Infinity":15,"f:57:9:57:22":6,"s:58:15:58:Infinity":16,"s:59:14:59:Infinity":17,"s:60:15:60:Infinity":18,"s:61:2:61:Infinity":19,"s:62:2:62:Infinity":20,"s:63:2:63:Infinity":21,"s:64:2:64:Infinity":22,"s:65:2:65:Infinity":23,"s:66:2:66:Infinity":24}}}
,"/Users/airborneshellback/vibecode-projects/clarus-app/lib/admin/rate-limit.ts": {"path":"/Users/airborneshellback/vibecode-projects/clarus-app/lib/admin/rate-limit.ts","statementMap":{"0":{"start":{"line":19,"column":40},"end":{"line":22,"column":null}},"1":{"start":{"line":25,"column":14},"end":{"line":25,"column":null}},"2":{"start":{"line":28,"column":25},"end":{"line":28,"column":null}},"3":{"start":{"line":29,"column":18},"end":{"line":29,"column":null}},"4":{"start":{"line":32,"column":14},"end":{"line":32,"column":null}},"5":{"start":{"line":33,"column":2},"end":{"line":33,"column":null}},"6":{"start":{"line":33,"column":44},"end":{"line":33,"column":null}},"7":{"start":{"line":34,"column":2},"end":{"line":34,"column":null}},"8":{"start":{"line":36,"column":17},"end":{"line":36,"column":null}},"9":{"start":{"line":37,"column":2},"end":{"line":44,"column":null}},"10":{"start":{"line":38,"column":18},"end":{"line":38,"column":null}},"11":{"start":{"line":38,"column":43},"end":{"line":38,"column":53}},"12":{"start":{"line":39,"column":4},"end":{"line":43,"column":null}},"13":{"start":{"line":40,"column":6},"end":{"line":40,"column":null}},"14":{"start":{"line":42,"column":6},"end":{"line":42,"column":null}},"15":{"start":{"line":58,"column":36},"end":{"line":58,"column":null}},"16":{"start":{"line":59,"column":14},"end":{"line":59,"column":null}},"17":{"start":{"line":60,"column":17},"end":{"line":60,"column":null}},"18":{"start":{"line":62,"column":2},"end":{"line":62,"column":null}},"19":{"start":{"line":64,"column":21},"end":{"line":64,"column":null}},"20":{"start":{"line":65,"column":16},"end":{"line":65,"column":null}},"21":{"start":{"line":65,"column":41},"end":{"line":65,"column":51}},"22":{"start":{"line":67,"column":2},"end":{"line":71,"column":null}},"23":{"start":{"line":68,"column":27},"end":{"line":68,"column":null}},"24":{"start":{"line":69,"column":25},"end":{"line":69,"column":null}},"25":{"start":{"line":70,"column":4},"end":{"line":70,"column":null}},"26":{"start":{"line":73,"column":2},"end":{"line":73,"column":null}},"27":{"start":{"line":74,"column":2},"end":{"line":74,"column":null}},"28":{"start":{"line":76,"column":2},"end":{"line":80,"column":null}}},"fnMap":{"0":{"name":"cleanup","decl":{"start":{"line":31,"column":9},"end":{"line":31,"column":17}},"loc":{"start":{"line":31,"column":35},"end":{"line":45,"column":null}},"line":31},"1":{"name":"(anonymous_1)","decl":{"start":{"line":38,"column":36},"end":{"line":38,"column":37}},"loc":{"start":{"line":38,"column":43},"end":{"line":38,"column":53}},"line":38},"2":{"name":"checkRateLimit","decl":{"start":{"line":54,"column":16},"end":{"line":54,"column":null}},"loc":{"start":{"line":57,"column":65},"end":{"line":81,"column":null}},"line":57},"3":{"name":"(anonymous_3)","decl":{"start":{"line":65,"column":34},"end":{"line":65,"column":35}},"loc":{"start":{"line":65,"column":41},"end":{"line":65,"column":51}},"line":65}},"branchMap":{"0":{"loc":{"start":{"line":33,"column":2},"end":{"line":33,"column":null}},"type":"if","locations":[{"start":{"line":33,"column":2},"end":{"line":33,"column":null}},{"start":{},"end":{}}],"line":33},"1":{"loc":{"start":{"line":39,"column":4},"end":{"line":43,"column":null}},"type":"if","locations":[{"start":{"line":39,"column":4},"end":{"line":43,"column":null}},{"start":{"line":41,"column":11},"end":{"line":43,"column":null}}],"line":39},"2":{"loc":{"start":{"line":56,"column":2},"end":{"line":56,"column":null}},"type":"default-arg","locations":[{"start":{"line":56,"column":37},"end":{"line":56,"column":null}}],"line":56},"3":{"loc":{"start":{"line":64,"column":21},"end":{"line":64,"column":null}},"type":"binary-expr","locations":[{"start":{"line":64,"column":21},"end":{"line":64,"column":39}},{"start":{"line":64,"column":39},"end":{"line":64,"column":null}}],"line":64},"4":{"loc":{"start":{"line":67,"column":2},"end":{"line":71,"column":null}},"type":"if","locations":[{"start":{"line":67,"column":2},"end":{"line":71,"column":null}},{"start":{},"end":{}}],"line":67}},"s":{"0":0,"1":0,"2":0,"3":0,"4":0,"5":0,"6":0,"7":0,"8":0,"9":0,"10":0,"11":0,"12":0,"13":0,"14":0,"15":0,"16":0,"17":0,"18":0,"19":0,"20":0,"21":0,"22":0,"23":0,"24":0,"25":0,"26":0,"27":0,"28":0},"f":{"0":0,"1":0,"2":0,"3":0},"b":{"0":[0,0],"1":[0,0],"2":[0],"3":[0,0],"4":[0,0]},"meta":{"lastBranch":5,"lastFunction":4,"lastStatement":29,"seen":{"s:19:40:22:Infinity":0,"s:25:14:25:Infinity":1,"s:28:25:28:Infinity":2,"s:29:18:29:Infinity":3,"f:31:9:31:17":0,"s:32:14:32:Infinity":4,"b:33:2:33:Infinity:undefined:undefined:undefined:undefined":0,"s:33:2:33:Infinity":5,"s:33:44:33:Infinity":6,"s:34:2:34:Infinity":7,"s:36:17:36:Infinity":8,"s:37:2:44:Infinity":9,"s:38:18:38:Infinity":10,"f:38:36:38:37":1,"s:38:43:38:53":11,"b:39:4:43:Infinity:41:11:43:Infinity":1,"s:39:4:43:Infinity":12,"s:40:6:40:Infinity":13,"s:42:6:42:Infinity":14,"f:54:16:54:Infinity":2,"b:56:37:56:Infinity":2,"s:58:36:58:Infinity":15,"s:59:14:59:Infinity":16,"s:60:17:60:Infinity":17,"s:62:2:62:Infinity":18,"s:64:21:64:Infinity":19,"b:64:21:64:39:64:39:64:Infinity":3,"s:65:16:65:Infinity":20,"f:65:34:65:35":3,"s:65:41:65:51":21,"b:67:2:71:Infinity:undefined:undefined:undefined:undefined":4,"s:67:2:71:Infinity":22,"s:68:27:68:Infinity":23,"s:69:25:69:Infinity":24,"s:70:4:70:Infinity":25,"s:73:2:73:Infinity":26,"s:74:2:74:Infinity":27,"s:76:2:80:Infinity":28}}}
,"/Users/airborneshellback/vibecode-projects/clarus-app/lib/utils/article-helpers.ts": {"path":"/Users/airborneshellback/vibecode-projects/clarus-app/lib/utils/article-helpers.ts","statementMap":{"0":{"start":{"line":26,"column":4},"end":{"line":57,"column":null}},"1":{"start":{"line":60,"column":48},"end":{"line":66,"column":null}}},"fnMap":{},"branchMap":{},"s":{"0":0,"1":0},"f":{},"b":{},"meta":{"lastBranch":0,"lastFunction":0,"lastStatement":2,"seen":{"s:26:4:57:Infinity":0,"s:60:48:66:Infinity":1}}}
}
